01:04:48 - ✅ CONVERTED: D:\Musica\M4A\Black Sabbath - Vol. 4 (2021 Remaster) (1972)\01. Black Sabbath - Wheels of Confusion - The Straightener (2021 Remaster).m4a
01:04:51 - ✅ CONVERTED: D:\Musica\M4A\Black Sabbath - Vol. 4 (2021 Remaster) (1972)\02. Black Sabbath - Tomorrow's Dream (2021 Remaster).m4a
01:04:56 - ✅ CONVERTED: D:\Musica\M4A\Black Sabbath - Vol. 4 (2021 Remaster) (1972)\03. Black Sabbath - Changes (2021 Remaster).m4a
01:04:57 - ✅ CONVERTED: D:\Musica\M4A\Black Sabbath - Vol. 4 (2021 Remaster) (1972)\04. Black Sabbath - FX (2021 Remaster).m4a
01:05:02 - ✅ CONVERTED: D:\Musica\M4A\Black Sabbath - Vol. 4 (2021 Remaster) (1972)\05. Black Sabbath - Supernaut (2020 Remaster).m4a
01:05:07 - ✅ CONVERTED: D:\Musica\M4A\Black Sabbath - Vol. 4 (2021 Remaster) (1972)\06. Black Sabbath - Snowblind (2021 Remaster).m4a
01:05:11 - ✅ CONVERTED: D:\Musica\M4A\Black Sabbath - Vol. 4 (2021 Remaster) (1972)\07. Black Sabbath - Cornucopia (2021 Remaster).m4a
01:05:14 - ✅ CONVERTED: D:\Musica\M4A\Black Sabbath - Vol. 4 (2021 Remaster) (1972)\08. Black Sabbath - Laguna Sunrise (2021 Remaster).m4a
01:05:17 - ✅ CONVERTED: D:\Musica\M4A\Black Sabbath - Vol. 4 (2021 Remaster) (1972)\09. Black Sabbath - St. Vitus Dance (2021 Remaster).m4a
01:05:23 - ✅ CONVERTED: D:\Musica\M4A\Black Sabbath - Vol. 4 (2021 Remaster) (1972)\10. Black Sabbath - Under the Sun - Every Day Comes and Goes (2021 Remaster).m4a
01:05:26 - ✅ CONVERTED: D:\Musica\M4A\Green Day - Holy Toledo! (from the Original Motion Picture “Mark, Mary & Some Other People”) (2021)\1. Green Day - Holy Toledo! (from the Original Motion Picture “Mark, Mary & Some Other People”).m4a
01:05:29 - ✅ CONVERTED: D:\Musica\M4A\Green Day - Pollyanna (2021)\1. Green Day - Pollyanna.m4a
01:05:30 - ✅ CONVERTED: D:\Musica\M4A\Muse - Absolution (2003)\01. Muse - Intro.m4a
01:05:35 - ✅ CONVERTED: D:\Musica\M4A\Muse - Absolution (2003)\02. Muse - Apocalypse Please.m4a
01:05:40 - ✅ CONVERTED: D:\Musica\M4A\Muse - Absolution (2003)\03. Muse - Time is Running Out.m4a
01:05:45 - ✅ CONVERTED: D:\Musica\M4A\Muse - Absolution (2003)\04. Muse - Sing for Absolution.m4a
01:05:51 - ✅ CONVERTED: D:\Musica\M4A\Muse - Absolution (2003)\05. Muse - Stockholm Syndrome.m4a
01:05:56 - ✅ CONVERTED: D:\Musica\M4A\Muse - Absolution (2003)\06. Muse - Falling Away with You.m4a
01:05:57 - ✅ CONVERTED: D:\Musica\M4A\Muse - Absolution (2003)\07. Muse - Interlude.m4a
01:06:02 - ✅ CONVERTED: D:\Musica\M4A\Muse - Absolution (2003)\08. Muse - Hysteria.m4a
01:06:09 - ✅ CONVERTED: D:\Musica\M4A\Muse - Absolution (2003)\09. Muse - Blackout.m4a
01:06:15 - ✅ CONVERTED: D:\Musica\M4A\Muse - Absolution (2003)\10. Muse - Butterflies & Hurricanes.m4a
01:06:18 - ✅ CONVERTED: D:\Musica\M4A\Muse - Absolution (2003)\11. Muse - The Small Print.m4a
01:06:24 - ✅ CONVERTED: D:\Musica\M4A\Muse - Absolution (2003)\12. Muse - Fury.m4a
01:06:28 - ✅ CONVERTED: D:\Musica\M4A\Muse - Absolution (2003)\13. Muse - Endlessly.m4a
01:06:32 - ✅ CONVERTED: D:\Musica\M4A\Muse - Absolution (2003)\14. Muse - Thoughts of a Dying Atheist.m4a
01:06:37 - ✅ CONVERTED: D:\Musica\M4A\Muse - Absolution (2003)\15. Muse - Ruled by Secrecy.m4a
01:06:42 - ✅ CONVERTED: D:\Musica\M4A\Aaron Cherof - Minecraft Trails & Tales (Original Game Soundtrack) (2023)\1. Aaron Cherof - Echo in the Wind.m4a
01:06:45 - ✅ CONVERTED: D:\Musica\M4A\Aaron Cherof - Minecraft Trails & Tales (Original Game Soundtrack) (2023)\2. Aaron Cherof - A Familiar Room.m4a
01:06:50 - ✅ CONVERTED: D:\Musica\M4A\Aaron Cherof - Minecraft Trails & Tales (Original Game Soundtrack) (2023)\3. Aaron Cherof - Bromeliad.m4a
01:06:53 - ✅ CONVERTED: D:\Musica\M4A\Aaron Cherof - Minecraft Trails & Tales (Original Game Soundtrack) (2023)\4. Aaron Cherof - Crescent Dunes.m4a
01:06:56 - ✅ CONVERTED: D:\Musica\M4A\Aaron Cherof - Minecraft Trails & Tales (Original Game Soundtrack) (2023)\5. Aaron Cherof - Relic.m4a
01:06:59 - ✅ CONVERTED: D:\Musica\M4A\Billie Joe Armstrong - No Fun Mondays\01. Billie Joe Armstrong - I Think We're Alone Now.m4a
01:07:02 - ✅ CONVERTED: D:\Musica\M4A\Billie Joe Armstrong - No Fun Mondays\02. Billie Joe Armstrong - War Stories.m4a
01:07:05 - ✅ CONVERTED: D:\Musica\M4A\Billie Joe Armstrong - No Fun Mondays\03. Billie Joe Armstrong - Manic Monday.m4a
01:07:08 - ✅ CONVERTED: D:\Musica\M4A\Billie Joe Armstrong - No Fun Mondays\04. Billie Joe Armstrong - Corpus Christi.m4a
01:07:11 - ✅ CONVERTED: D:\Musica\M4A\Billie Joe Armstrong - No Fun Mondays\05. Billie Joe Armstrong - That Thing You Do!.m4a
01:07:13 - ✅ CONVERTED: D:\Musica\M4A\Billie Joe Armstrong - No Fun Mondays\06. Billie Joe Armstrong - Amico.m4a
01:07:17 - ✅ CONVERTED: D:\Musica\M4A\Billie Joe Armstrong - No Fun Mondays\07. Billie Joe Armstrong - You Can't Put Your Arms Round a Memory.m4a
01:07:20 - ✅ CONVERTED: D:\Musica\M4A\Billie Joe Armstrong - No Fun Mondays\08. Billie Joe Armstrong - Kids in America.m4a
01:07:23 - ✅ CONVERTED: D:\Musica\M4A\Billie Joe Armstrong - No Fun Mondays\09. Billie Joe Armstrong - Not That Way Anymore.m4a
01:07:26 - ✅ CONVERTED: D:\Musica\M4A\Billie Joe Armstrong - No Fun Mondays\10. Billie Joe Armstrong - That's Rock 'n' Roll.m4a
01:07:28 - ✅ CONVERTED: D:\Musica\M4A\Billie Joe Armstrong - No Fun Mondays\11. Billie Joe Armstrong - Gimme Some Truth.m4a
01:07:32 - ✅ CONVERTED: D:\Musica\M4A\Billie Joe Armstrong - No Fun Mondays\12. Billie Joe Armstrong - Whole Wide World.m4a
01:07:36 - ✅ CONVERTED: D:\Musica\M4A\Billie Joe Armstrong - No Fun Mondays\13. Billie Joe Armstrong - Police on My Back.m4a
01:07:39 - ✅ CONVERTED: D:\Musica\M4A\Billie Joe Armstrong - No Fun Mondays\14. Billie Joe Armstrong - A New England.m4a
01:07:45 - ✅ CONVERTED: D:\Musica\M4A\Black Sabbath -  Sabbath Bloody Sabbath (2009 Remastered Version)\Black Sabbath - A National Acrobat.m4a
01:07:48 - ✅ CONVERTED: D:\Musica\M4A\Black Sabbath -  Sabbath Bloody Sabbath (2009 Remastered Version)\Black Sabbath - Fluff.m4a
01:07:54 - ✅ CONVERTED: D:\Musica\M4A\Black Sabbath -  Sabbath Bloody Sabbath (2009 Remastered Version)\Black Sabbath - Killing Yourself to Live.m4a
01:07:58 - ✅ CONVERTED: D:\Musica\M4A\Black Sabbath -  Sabbath Bloody Sabbath (2009 Remastered Version)\Black Sabbath - Looking for Today.m4a
01:08:03 - ✅ CONVERTED: D:\Musica\M4A\Black Sabbath -  Sabbath Bloody Sabbath (2009 Remastered Version)\Black Sabbath - Sabbath Bloody Sabbath.m4a
01:08:09 - ✅ CONVERTED: D:\Musica\M4A\Black Sabbath -  Sabbath Bloody Sabbath (2009 Remastered Version)\Black Sabbath - Sabbra Cadabra.m4a
01:08:13 - ✅ CONVERTED: D:\Musica\M4A\Black Sabbath -  Sabbath Bloody Sabbath (2009 Remastered Version)\Black Sabbath - Spiral Architect.m4a
01:08:17 - ✅ CONVERTED: D:\Musica\M4A\Black Sabbath -  Sabbath Bloody Sabbath (2009 Remastered Version)\Black Sabbath - Who Are You_.m4a
01:08:23 - ✅ CONVERTED: D:\Musica\M4A\Black Sabbath - 13 (Deluxe Edition)\Black Sabbath - Age Of Reason.m4a
01:08:29 - ✅ CONVERTED: D:\Musica\M4A\Black Sabbath - 13 (Deluxe Edition)\Black Sabbath - Damaged Soul.m4a
01:08:36 - ✅ CONVERTED: D:\Musica\M4A\Black Sabbath - 13 (Deluxe Edition)\Black Sabbath - Dear Father.m4a
01:08:44 - ✅ CONVERTED: D:\Musica\M4A\Black Sabbath - 13 (Deluxe Edition)\Black Sabbath - End Of The Beginning.m4a
01:08:52 - ✅ CONVERTED: D:\Musica\M4A\Black Sabbath - 13 (Deluxe Edition)\Black Sabbath - God Is Dead.m4a
01:08:56 - ✅ CONVERTED: D:\Musica\M4A\Black Sabbath - 13 (Deluxe Edition)\Black Sabbath - Live Forever.m4a
01:09:01 - ✅ CONVERTED: D:\Musica\M4A\Black Sabbath - 13 (Deluxe Edition)\Black Sabbath - Loner.m4a
01:09:06 - ✅ CONVERTED: D:\Musica\M4A\Black Sabbath - 13 (Deluxe Edition)\Black Sabbath - Methademic.m4a
01:09:11 - ✅ CONVERTED: D:\Musica\M4A\Black Sabbath - 13 (Deluxe Edition)\Black Sabbath - Pariah.m4a
01:09:14 - ✅ CONVERTED: D:\Musica\M4A\Black Sabbath - 13 (Deluxe Edition)\Black Sabbath - Peace Of Mind.m4a
01:09:19 - ✅ CONVERTED: D:\Musica\M4A\Black Sabbath - 13 (Deluxe Edition)\Black Sabbath - Zeitgeist.m4a
01:09:22 - ✅ CONVERTED: D:\Musica\M4A\Black Sabbath - Black Sabbath (2009 Remastered Version)\Black Sabbath - Behind the Wall of Sleep.m4a
01:09:28 - ✅ CONVERTED: D:\Musica\M4A\Black Sabbath - Black Sabbath (2009 Remastered Version)\Black Sabbath - Black Sabbath.m4a
01:09:32 - ✅ CONVERTED: D:\Musica\M4A\Black Sabbath - Black Sabbath (2009 Remastered Version)\Black Sabbath - Evil Woman.m4a
01:09:38 - ✅ CONVERTED: D:\Musica\M4A\Black Sabbath - Black Sabbath (2009 Remastered Version)\Black Sabbath - N.I.B..m4a
01:09:41 - ✅ CONVERTED: D:\Musica\M4A\Black Sabbath - Black Sabbath (2009 Remastered Version)\Black Sabbath - Sleeping Village.m4a
01:09:45 - ✅ CONVERTED: D:\Musica\M4A\Black Sabbath - Black Sabbath (2009 Remastered Version)\Black Sabbath - The Wizard.m4a
01:09:55 - ✅ CONVERTED: D:\Musica\M4A\Black Sabbath - Black Sabbath (2009 Remastered Version)\Black Sabbath - Warning.m4a
01:09:59 - ✅ CONVERTED: D:\Musica\M4A\Black Sabbath - Black Sabbath (2009 Remastered Version)\Black Sabbath - Wicked World.m4a
01:10:04 - ✅ CONVERTED: D:\Musica\M4A\Black Sabbath - Master of Reality (2009 Remastered Version)\Black Sabbath - After Forever.m4a
01:10:08 - ✅ CONVERTED: D:\Musica\M4A\Black Sabbath - Master of Reality (2009 Remastered Version)\Black Sabbath - Children of the Grave.m4a
01:10:09 - ✅ CONVERTED: D:\Musica\M4A\Black Sabbath - Master of Reality (2009 Remastered Version)\Black Sabbath - Embryo.m4a
01:10:14 - ✅ CONVERTED: D:\Musica\M4A\Black Sabbath - Master of Reality (2009 Remastered Version)\Black Sabbath - Into the Void.m4a
01:10:20 - ✅ CONVERTED: D:\Musica\M4A\Black Sabbath - Master of Reality (2009 Remastered Version)\Black Sabbath - Lord of this World (2009 Remaster).m4a
01:10:21 - ✅ CONVERTED: D:\Musica\M4A\Black Sabbath - Master of Reality (2009 Remastered Version)\Black Sabbath - Orchid.m4a
01:10:25 - ✅ CONVERTED: D:\Musica\M4A\Black Sabbath - Master of Reality (2009 Remastered Version)\Black Sabbath - Solitude.m4a
01:10:29 - ✅ CONVERTED: D:\Musica\M4A\Black Sabbath - Master of Reality (2009 Remastered Version)\Black Sabbath - Sweet Leaf.m4a
01:10:34 - ✅ CONVERTED: D:\Musica\M4A\Black Sabbath - Never Say Die! (2009 Remastered Version)\Black Sabbath - A Hard Road.m4a
01:10:38 - ✅ CONVERTED: D:\Musica\M4A\Black Sabbath - Never Say Die! (2009 Remastered Version)\Black Sabbath - Air Dance.m4a
01:10:40 - ✅ CONVERTED: D:\Musica\M4A\Black Sabbath - Never Say Die! (2009 Remastered Version)\Black Sabbath - Breakout.m4a
01:10:46 - ✅ CONVERTED: D:\Musica\M4A\Black Sabbath - Never Say Die! (2009 Remastered Version)\Black Sabbath - Johnny Blade.m4a
01:10:51 - ✅ CONVERTED: D:\Musica\M4A\Black Sabbath - Never Say Die! (2009 Remastered Version)\Black Sabbath - Junior's Eyes.m4a
01:10:54 - ✅ CONVERTED: D:\Musica\M4A\Black Sabbath - Never Say Die! (2009 Remastered Version)\Black Sabbath - Never Say Die.m4a
01:10:58 - ✅ CONVERTED: D:\Musica\M4A\Black Sabbath - Never Say Die! (2009 Remastered Version)\Black Sabbath - Over to You.m4a
01:11:02 - ✅ CONVERTED: D:\Musica\M4A\Black Sabbath - Never Say Die! (2009 Remastered Version)\Black Sabbath - Shock Wave.m4a
01:11:06 - ✅ CONVERTED: D:\Musica\M4A\Black Sabbath - Never Say Die! (2009 Remastered Version)\Black Sabbath - Swinging the Chain.m4a
01:11:10 - ✅ CONVERTED: D:\Musica\M4A\Black Sabbath - Paranoid (2009 Remastered Version)\Black Sabbath - Electric Funeral.m4a
01:11:15 - ✅ CONVERTED: D:\Musica\M4A\Black Sabbath - Paranoid (2009 Remastered Version)\Black Sabbath - Fairies Wear Boots.m4a
01:11:22 - ✅ CONVERTED: D:\Musica\M4A\Black Sabbath - Paranoid (2009 Remastered Version)\Black Sabbath - Hand of Doom.m4a
01:11:26 - ✅ CONVERTED: D:\Musica\M4A\Black Sabbath - Paranoid (2009 Remastered Version)\Black Sabbath - Iron Man.m4a
01:11:29 - ✅ CONVERTED: D:\Musica\M4A\Black Sabbath - Paranoid (2009 Remastered Version)\Black Sabbath - Paranoid.m4a
01:11:33 - ✅ CONVERTED: D:\Musica\M4A\Black Sabbath - Paranoid (2009 Remastered Version)\Black Sabbath - Planet Caravan.m4a
01:11:36 - ✅ CONVERTED: D:\Musica\M4A\Black Sabbath - Paranoid (2009 Remastered Version)\Black Sabbath - Rat Salad.m4a
01:11:43 - ✅ CONVERTED: D:\Musica\M4A\Black Sabbath - Paranoid (2009 Remastered Version)\Black Sabbath - War Pigs.m4a
01:11:47 - ✅ CONVERTED: D:\Musica\M4A\Black Sabbath - Technical Ecstasy (2009 Remastered Version)\Black Sabbath - All Moving Parts (Stand Still).m4a
01:11:52 - ✅ CONVERTED: D:\Musica\M4A\Black Sabbath - Technical Ecstasy (2009 Remastered Version)\Black Sabbath - Back Street Kids.m4a
01:11:58 - ✅ CONVERTED: D:\Musica\M4A\Black Sabbath - Technical Ecstasy (2009 Remastered Version)\Black Sabbath - Dirty Women.m4a
01:12:03 - ✅ CONVERTED: D:\Musica\M4A\Black Sabbath - Technical Ecstasy (2009 Remastered Version)\Black Sabbath - Gypsy.m4a
01:12:06 - ✅ CONVERTED: D:\Musica\M4A\Black Sabbath - Technical Ecstasy (2009 Remastered Version)\Black Sabbath - It's Alright.m4a
01:12:10 - ✅ CONVERTED: D:\Musica\M4A\Black Sabbath - Technical Ecstasy (2009 Remastered Version)\Black Sabbath - Rock 'N' Roll Doctor.m4a
01:12:15 - ✅ CONVERTED: D:\Musica\M4A\Black Sabbath - Technical Ecstasy (2009 Remastered Version)\Black Sabbath - She's Gone.m4a
01:12:21 - ✅ CONVERTED: D:\Musica\M4A\Black Sabbath - Technical Ecstasy (2009 Remastered Version)\Black Sabbath - You Won't Change Me.m4a
01:12:21 - ⚠️ SKIPPED (already exists): D:\Musica\M4A\Black Sabbath - Vol. 4 (2021 Remaster) (1972)\01. Black Sabbath - Wheels of Confusion - The Straightener (2021 Remaster).m4a
01:12:21 - ⚠️ SKIPPED (already exists): D:\Musica\M4A\Black Sabbath - Vol. 4 (2021 Remaster) (1972)\02. Black Sabbath - Tomorrow's Dream (2021 Remaster).m4a
01:12:21 - ⚠️ SKIPPED (already exists): D:\Musica\M4A\Black Sabbath - Vol. 4 (2021 Remaster) (1972)\03. Black Sabbath - Changes (2021 Remaster).m4a
01:12:21 - ⚠️ SKIPPED (already exists): D:\Musica\M4A\Black Sabbath - Vol. 4 (2021 Remaster) (1972)\04. Black Sabbath - FX (2021 Remaster).m4a
01:12:21 - ⚠️ SKIPPED (already exists): D:\Musica\M4A\Black Sabbath - Vol. 4 (2021 Remaster) (1972)\05. Black Sabbath - Supernaut (2020 Remaster).m4a
01:12:21 - ⚠️ SKIPPED (already exists): D:\Musica\M4A\Black Sabbath - Vol. 4 (2021 Remaster) (1972)\06. Black Sabbath - Snowblind (2021 Remaster).m4a
01:12:21 - ⚠️ SKIPPED (already exists): D:\Musica\M4A\Black Sabbath - Vol. 4 (2021 Remaster) (1972)\07. Black Sabbath - Cornucopia (2021 Remaster).m4a
01:12:21 - ⚠️ SKIPPED (already exists): D:\Musica\M4A\Black Sabbath - Vol. 4 (2021 Remaster) (1972)\08. Black Sabbath - Laguna Sunrise (2021 Remaster).m4a
01:12:21 - ⚠️ SKIPPED (already exists): D:\Musica\M4A\Black Sabbath - Vol. 4 (2021 Remaster) (1972)\09. Black Sabbath - St. Vitus Dance (2021 Remaster).m4a
01:12:21 - ⚠️ SKIPPED (already exists): D:\Musica\M4A\Black Sabbath - Vol. 4 (2021 Remaster) (1972)\10. Black Sabbath - Under the Sun - Every Day Comes and Goes (2021 Remaster).m4a
01:12:23 - ✅ CONVERTED: D:\Musica\M4A\Green Day - 21st Century Breakdown\01. Green Day - Song of the Century.m4a
01:12:27 - ✅ CONVERTED: D:\Musica\M4A\Green Day - 21st Century Breakdown\02. Green Day - 21st Century Breakdown.m4a
01:12:30 - ✅ CONVERTED: D:\Musica\M4A\Green Day - 21st Century Breakdown\03. Green Day - Know Your Enemy.m4a
01:12:34 - ✅ CONVERTED: D:\Musica\M4A\Green Day - 21st Century Breakdown\04. Green Day - ¡Viva la Gloria!.m4a
01:12:38 - ✅ CONVERTED: D:\Musica\M4A\Green Day - 21st Century Breakdown\05. Green Day - Before the Lobotomy.m4a
01:12:40 - ✅ CONVERTED: D:\Musica\M4A\Green Day - 21st Century Breakdown\06. Green Day - Christian's Inferno.m4a
01:12:45 - ✅ CONVERTED: D:\Musica\M4A\Green Day - 21st Century Breakdown\07. Green Day - Last Night on Earth.m4a
01:12:49 - ✅ CONVERTED: D:\Musica\M4A\Green Day - 21st Century Breakdown\08. Green Day - East Jesus Nowhere.m4a
01:12:52 - ✅ CONVERTED: D:\Musica\M4A\Green Day - 21st Century Breakdown\09. Green Day - Peacemaker.m4a
01:12:56 - ✅ CONVERTED: D:\Musica\M4A\Green Day - 21st Century Breakdown\10. Green Day - Last of the American Girls.m4a
01:12:58 - ✅ CONVERTED: D:\Musica\M4A\Green Day - 21st Century Breakdown\11. Green Day - Murder City.m4a
01:13:02 - ✅ CONVERTED: D:\Musica\M4A\Green Day - 21st Century Breakdown\12. Green Day - ¿Viva La Gloria_ (Little Girl).m4a
01:13:06 - ✅ CONVERTED: D:\Musica\M4A\Green Day - 21st Century Breakdown\13. Green Day - Restless Heart Syndrome.m4a
01:13:09 - ✅ CONVERTED: D:\Musica\M4A\Green Day - 21st Century Breakdown\14. Green Day - Horseshoes and Handgrenades.m4a
01:13:13 - ✅ CONVERTED: D:\Musica\M4A\Green Day - 21st Century Breakdown\15. Green Day - The Static Age.m4a
01:13:18 - ✅ CONVERTED: D:\Musica\M4A\Green Day - 21st Century Breakdown\16. Green Day - 21 Guns.m4a
01:13:21 - ✅ CONVERTED: D:\Musica\M4A\Green Day - 21st Century Breakdown\17. Green Day - American Eulogy_ Mass Hysteria _ Modern World.m4a
01:13:25 - ✅ CONVERTED: D:\Musica\M4A\Green Day - 21st Century Breakdown\18. Green Day - See the Light.m4a
01:13:28 - ✅ CONVERTED: D:\Musica\M4A\Green Day - American Idiot (20th Annivarsary Deluxe Edition)\01. Green Day - American Idiot.m4a
01:13:37 - ✅ CONVERTED: D:\Musica\M4A\Green Day - American Idiot (20th Annivarsary Deluxe Edition)\02. Green Day - American Idiot - Jesus of Suburbia.m4a
01:13:41 - ✅ CONVERTED: D:\Musica\M4A\Green Day - American Idiot (20th Annivarsary Deluxe Edition)\03. Green Day - American Idiot - Holiday.m4a
01:13:45 - ✅ CONVERTED: D:\Musica\M4A\Green Day - American Idiot (20th Annivarsary Deluxe Edition)\04. Green Day - American Idiot - Boulevard of Broken Dreams.m4a
01:13:48 - ✅ CONVERTED: D:\Musica\M4A\Green Day - American Idiot (20th Annivarsary Deluxe Edition)\05. Green Day - American Idiot - Are We the Waiting.m4a
01:13:51 - ✅ CONVERTED: D:\Musica\M4A\Green Day - American Idiot (20th Annivarsary Deluxe Edition)\06. Green Day - American Idiot - St. Jimmy.m4a
01:13:54 - ✅ CONVERTED: D:\Musica\M4A\Green Day - American Idiot (20th Annivarsary Deluxe Edition)\07. Green Day - American Idiot - Give Me Novacaine.m4a
01:13:56 - ✅ CONVERTED: D:\Musica\M4A\Green Day - American Idiot (20th Annivarsary Deluxe Edition)\08. Green Day - American Idiot - She's a Rebel.m4a
01:13:59 - ✅ CONVERTED: D:\Musica\M4A\Green Day - American Idiot (20th Annivarsary Deluxe Edition)\09. Green Day - American Idiot - Extraordinary Girl.m4a
01:14:03 - ✅ CONVERTED: D:\Musica\M4A\Green Day - American Idiot (20th Annivarsary Deluxe Edition)\10. Green Day - American Idiot - Letterbomb.m4a
01:14:07 - ✅ CONVERTED: D:\Musica\M4A\Green Day - American Idiot (20th Annivarsary Deluxe Edition)\11. Green Day - American Idiot - Wake Me Up When September Ends.m4a
01:14:15 - ✅ CONVERTED: D:\Musica\M4A\Green Day - American Idiot (20th Annivarsary Deluxe Edition)\12. Green Day - American Idiot - Homecoming.m4a
01:14:19 - ✅ CONVERTED: D:\Musica\M4A\Green Day - American Idiot (20th Annivarsary Deluxe Edition)\13. Green Day - American Idiot - Whatsername.m4a
01:14:23 - ✅ CONVERTED: D:\Musica\M4A\Green Day - American Idiot (20th Annivarsary Deluxe Edition)\14. Green Day - B-Sides & Bonus Tracks - American Idiot (Live at Makuhari Messe, Tokyo, Japan, 3_19_05).m4a
01:14:31 - ✅ CONVERTED: D:\Musica\M4A\Green Day - American Idiot (20th Annivarsary Deluxe Edition)\15. Green Day - B-Sides & Bonus Tracks - Jesus of Suburbia (Live at Makuhari Messe, Tokyo, Japan, 3_19_05).m4a
01:14:34 - ✅ CONVERTED: D:\Musica\M4A\Green Day - American Idiot (20th Annivarsary Deluxe Edition)\16. Green Day - B-Sides & Bonus Tracks - Holiday (Live at Makuhari Messe, Tokyo, Japan, 3_19_05).m4a
01:14:38 - ✅ CONVERTED: D:\Musica\M4A\Green Day - American Idiot (20th Annivarsary Deluxe Edition)\17. Green Day - B-Sides & Bonus Tracks - Are We the Waiting (Live at Makuhari Messe, Tokyo, Japan, 3_19_05).m4a
01:14:40 - ✅ CONVERTED: D:\Musica\M4A\Green Day - American Idiot (20th Annivarsary Deluxe Edition)\18. Green Day - B-Sides & Bonus Tracks - St. Jimmy (Live at Makuhari Messe, Tokyo, Japan, 3_19_05).m4a
01:14:44 - ✅ CONVERTED: D:\Musica\M4A\Green Day - American Idiot (20th Annivarsary Deluxe Edition)\19. Green Day - B-Sides & Bonus Tracks - Boulevard of Broken Dreams (Live at Makuhari Messe, Tokyo, Japan, 3_19_05).m4a
01:14:46 - ✅ CONVERTED: D:\Musica\M4A\Green Day - American Idiot (20th Annivarsary Deluxe Edition)\20. Green Day - B-Sides & Bonus Tracks - Favorite Son.m4a
01:14:49 - ✅ CONVERTED: D:\Musica\M4A\Green Day - American Idiot (20th Annivarsary Deluxe Edition)\21. Green Day - B-Sides & Bonus Tracks - Shoplifter.m4a
01:14:51 - ✅ CONVERTED: D:\Musica\M4A\Green Day - American Idiot (20th Annivarsary Deluxe Edition)\22. Green Day - B-Sides & Bonus Tracks - Governator.m4a
01:14:55 - ✅ CONVERTED: D:\Musica\M4A\Green Day - American Idiot (20th Annivarsary Deluxe Edition)\23. Green Day - B-Sides & Bonus Tracks - Too Much Too Soon.m4a
01:14:58 - ✅ CONVERTED: D:\Musica\M4A\Green Day - Ballyhoo\1. Green Day - Ballyhoo.m4a
01:15:00 - ✅ CONVERTED: D:\Musica\M4A\Green Day - Dookie\01. Green Day - Burnout.m4a
01:15:02 - ✅ CONVERTED: D:\Musica\M4A\Green Day - Dookie\02. Green Day - Having a Blast.m4a
01:15:05 - ✅ CONVERTED: D:\Musica\M4A\Green Day - Dookie\03. Green Day - Chump.m4a
01:15:09 - ✅ CONVERTED: D:\Musica\M4A\Green Day - Dookie\04. Green Day - Longview.m4a
01:15:12 - ✅ CONVERTED: D:\Musica\M4A\Green Day - Dookie\05. Green Day - Welcome to Paradise.m4a
01:15:14 - ✅ CONVERTED: D:\Musica\M4A\Green Day - Dookie\06. Green Day - Pulling Teeth.m4a
01:15:16 - ✅ CONVERTED: D:\Musica\M4A\Green Day - Dookie\07. Green Day - Basket Case.m4a
01:15:18 - ✅ CONVERTED: D:\Musica\M4A\Green Day - Dookie\08. Green Day - She.m4a
01:15:20 - ✅ CONVERTED: D:\Musica\M4A\Green Day - Dookie\09. Green Day - Sassafras Roots.m4a
01:15:24 - ✅ CONVERTED: D:\Musica\M4A\Green Day - Dookie\10. Green Day - When I Come Around.m4a
01:15:25 - ✅ CONVERTED: D:\Musica\M4A\Green Day - Dookie\11. Green Day - Coming Clean.m4a
01:15:27 - ✅ CONVERTED: D:\Musica\M4A\Green Day - Dookie\12. Green Day - Emenius Sleepus.m4a
01:15:29 - ✅ CONVERTED: D:\Musica\M4A\Green Day - Dookie\13. Green Day - In the End.m4a
01:15:32 - ✅ CONVERTED: D:\Musica\M4A\Green Day - Dookie\14. Green Day - F.O.D..m4a
01:15:33 - ✅ CONVERTED: D:\Musica\M4A\Green Day - Dookie\15. Green Day - All by Myself.m4a
01:15:36 - ✅ CONVERTED: D:\Musica\M4A\Green Day - Father of All\01. Green Day - Father of All....m4a
01:15:37 - ✅ CONVERTED: D:\Musica\M4A\Green Day - Father of All\02. Green Day - Fire, Ready, Aim.m4a
01:15:40 - ✅ CONVERTED: D:\Musica\M4A\Green Day - Father of All\03. Green Day - Oh Yeah!.m4a
01:15:43 - ✅ CONVERTED: D:\Musica\M4A\Green Day - Father of All\04. Green Day - Meet Me on the Roof.m4a
01:15:46 - ✅ CONVERTED: D:\Musica\M4A\Green Day - Father of All\05. Green Day - I Was a Teenage Teenager.m4a
01:15:48 - ✅ CONVERTED: D:\Musica\M4A\Green Day - Father of All\06. Green Day - Stab You in the Heart.m4a
01:15:50 - ✅ CONVERTED: D:\Musica\M4A\Green Day - Father of All\07. Green Day - Sugar Youth.m4a
01:15:54 - ✅ CONVERTED: D:\Musica\M4A\Green Day - Father of All\08. Green Day - Junkies on a High.m4a
01:15:56 - ✅ CONVERTED: D:\Musica\M4A\Green Day - Father of All\09. Green Day - Take the Money and Crawl.m4a
01:15:59 - ✅ CONVERTED: D:\Musica\M4A\Green Day - Father of All\10. Green Day - Graffitia.m4a
01:15:59 - ⚠️ SKIPPED (already exists): D:\Musica\M4A\Green Day - Holy Toledo! (from the Original Motion Picture “Mark, Mary & Some Other People”) (2021)\1. Green Day - Holy Toledo! (from the Original Motion Picture “Mark, Mary & Some Other People”).m4a
01:16:01 - ✅ CONVERTED: D:\Musica\M4A\Green Day - Insomniac\01. Green Day - Armatage Shanks.m4a
01:16:03 - ✅ CONVERTED: D:\Musica\M4A\Green Day - Insomniac\02. Green Day - Brat.m4a
01:16:05 - ✅ CONVERTED: D:\Musica\M4A\Green Day - Insomniac\03. Green Day - Stuck with Me.m4a
01:16:07 - ✅ CONVERTED: D:\Musica\M4A\Green Day - Insomniac\04. Green Day - Geek Stink Breath.m4a
