01:03:04 - ✅ CONVERTED: D:\Musica\FLAC CD\Black Sabbath - Vol. 4 (2021 Remaster) (1972)\01. Black Sabbath - Wheels of Confusion - The Straightener (2021 Remaster).flac
01:03:04 - ✅ CONVERTED: D:\Musica\FLAC CD\Black Sabbath - Vol. 4 (2021 Remaster) (1972)\02. Black Sabbath - Tomorrow's Dream (2021 Remaster).flac
01:03:04 - ✅ CONVERTED: D:\Musica\FLAC CD\Black Sabbath - Vol. 4 (2021 Remaster) (1972)\03. Black Sabbath - Changes (2021 Remaster).flac
01:03:04 - ✅ CONVERTED: D:\Musica\FLAC CD\Black Sabbath - Vol. 4 (2021 Remaster) (1972)\04. Black Sabbath - FX (2021 Remaster).flac
01:03:05 - ✅ CONVERTED: D:\Musica\FLAC CD\Black Sabbath - Vol. 4 (2021 Remaster) (1972)\05. Black Sabbath - Supernaut (2020 Remaster).flac
01:03:05 - ✅ CONVERTED: D:\Musica\FLAC CD\Black Sabbath - Vol. 4 (2021 Remaster) (1972)\06. Black Sabbath - Snowblind (2021 Remaster).flac
01:03:06 - ✅ CONVERTED: D:\Musica\FLAC CD\Black Sabbath - Vol. 4 (2021 Remaster) (1972)\07. Black Sabbath - Cornucopia (2021 Remaster).flac
01:03:06 - ✅ CONVERTED: D:\Musica\FLAC CD\Black Sabbath - Vol. 4 (2021 Remaster) (1972)\08. Black Sabbath - Laguna Sunrise (2021 Remaster).flac
01:03:06 - ✅ CONVERTED: D:\Musica\FLAC CD\Black Sabbath - Vol. 4 (2021 Remaster) (1972)\09. Black Sabbath - St. Vitus Dance (2021 Remaster).flac
01:03:07 - ✅ CONVERTED: D:\Musica\FLAC CD\Black Sabbath - Vol. 4 (2021 Remaster) (1972)\10. Black Sabbath - Under the Sun - Every Day Comes and Goes (2021 Remaster).flac
01:03:07 - ✅ CONVERTED: D:\Musica\FLAC CD\Green Day - Holy Toledo! (from the Original Motion Picture “Mark, Mary & Some Other People”) (2021)\1. Green Day - Holy Toledo! (from the Original Motion Picture “Mark, Mary & Some Other People”).flac
01:03:08 - ✅ CONVERTED: D:\Musica\FLAC CD\Green Day - Pollyanna (2021)\1. Green Day - Pollyanna.flac
01:04:19 - ⚠️ SKIPPED (already exists): D:\Musica\FLAC CD\Black Sabbath - Vol. 4 (2021 Remaster) (1972)\01. Black Sabbath - Wheels of Confusion - The Straightener (2021 Remaster).flac
01:04:19 - ⚠️ SKIPPED (already exists): D:\Musica\FLAC CD\Black Sabbath - Vol. 4 (2021 Remaster) (1972)\02. Black Sabbath - Tomorrow's Dream (2021 Remaster).flac
01:04:19 - ⚠️ SKIPPED (already exists): D:\Musica\FLAC CD\Black Sabbath - Vol. 4 (2021 Remaster) (1972)\03. Black Sabbath - Changes (2021 Remaster).flac
01:04:19 - ⚠️ SKIPPED (already exists): D:\Musica\FLAC CD\Black Sabbath - Vol. 4 (2021 Remaster) (1972)\04. Black Sabbath - FX (2021 Remaster).flac
01:04:19 - ⚠️ SKIPPED (already exists): D:\Musica\FLAC CD\Black Sabbath - Vol. 4 (2021 Remaster) (1972)\05. Black Sabbath - Supernaut (2020 Remaster).flac
01:04:19 - ⚠️ SKIPPED (already exists): D:\Musica\FLAC CD\Black Sabbath - Vol. 4 (2021 Remaster) (1972)\06. Black Sabbath - Snowblind (2021 Remaster).flac
01:04:19 - ⚠️ SKIPPED (already exists): D:\Musica\FLAC CD\Black Sabbath - Vol. 4 (2021 Remaster) (1972)\07. Black Sabbath - Cornucopia (2021 Remaster).flac
01:04:19 - ⚠️ SKIPPED (already exists): D:\Musica\FLAC CD\Black Sabbath - Vol. 4 (2021 Remaster) (1972)\08. Black Sabbath - Laguna Sunrise (2021 Remaster).flac
01:04:19 - ⚠️ SKIPPED (already exists): D:\Musica\FLAC CD\Black Sabbath - Vol. 4 (2021 Remaster) (1972)\09. Black Sabbath - St. Vitus Dance (2021 Remaster).flac
01:04:19 - ⚠️ SKIPPED (already exists): D:\Musica\FLAC CD\Black Sabbath - Vol. 4 (2021 Remaster) (1972)\10. Black Sabbath - Under the Sun - Every Day Comes and Goes (2021 Remaster).flac
01:04:19 - ⚠️ SKIPPED (already exists): D:\Musica\FLAC CD\Green Day - Holy Toledo! (from the Original Motion Picture “Mark, Mary & Some Other People”) (2021)\1. Green Day - Holy Toledo! (from the Original Motion Picture “Mark, Mary & Some Other People”).flac
01:04:19 - ⚠️ SKIPPED (already exists): D:\Musica\FLAC CD\Green Day - Pollyanna (2021)\1. Green Day - Pollyanna.flac
01:04:19 - ✅ CONVERTED: D:\Musica\FLAC CD\Muse - Absolution (2003)\01. Muse - Intro.flac
01:04:20 - ✅ CONVERTED: D:\Musica\FLAC CD\Muse - Absolution (2003)\02. Muse - Apocalypse Please.flac
01:04:20 - ✅ CONVERTED: D:\Musica\FLAC CD\Muse - Absolution (2003)\03. Muse - Time is Running Out.flac
01:04:21 - ✅ CONVERTED: D:\Musica\FLAC CD\Muse - Absolution (2003)\04. Muse - Sing for Absolution.flac
01:04:21 - ✅ CONVERTED: D:\Musica\FLAC CD\Muse - Absolution (2003)\05. Muse - Stockholm Syndrome.flac
01:04:22 - ✅ CONVERTED: D:\Musica\FLAC CD\Muse - Absolution (2003)\06. Muse - Falling Away with You.flac
01:04:22 - ✅ CONVERTED: D:\Musica\FLAC CD\Muse - Absolution (2003)\07. Muse - Interlude.flac
01:04:22 - ✅ CONVERTED: D:\Musica\FLAC CD\Muse - Absolution (2003)\08. Muse - Hysteria.flac
01:04:23 - ✅ CONVERTED: D:\Musica\FLAC CD\Muse - Absolution (2003)\09. Muse - Blackout.flac
01:04:23 - ✅ CONVERTED: D:\Musica\FLAC CD\Muse - Absolution (2003)\10. Muse - Butterflies & Hurricanes.flac
01:04:24 - ✅ CONVERTED: D:\Musica\FLAC CD\Muse - Absolution (2003)\11. Muse - The Small Print.flac
01:04:24 - ✅ CONVERTED: D:\Musica\FLAC CD\Muse - Absolution (2003)\12. Muse - Fury.flac
01:04:25 - ✅ CONVERTED: D:\Musica\FLAC CD\Muse - Absolution (2003)\13. Muse - Endlessly.flac
01:04:25 - ✅ CONVERTED: D:\Musica\FLAC CD\Muse - Absolution (2003)\14. Muse - Thoughts of a Dying Atheist.flac
01:04:26 - ✅ CONVERTED: D:\Musica\FLAC CD\Muse - Absolution (2003)\15. Muse - Ruled by Secrecy.flac
17:25:34 - ✅ CONVERTED: D:\Musica\FLAC CD\Black Sabbath - Sabotage (2021 - Remaster) (1975)\1. Black Sabbath - Hole In The Sky (2021 Remaster).flac
17:25:34 - ✅ CONVERTED: D:\Musica\FLAC CD\Black Sabbath - Sabotage (2021 - Remaster) (1975)\2. Black Sabbath - Don't Start (Too Late) [2021 Remaster].flac
17:25:34 - ✅ CONVERTED: D:\Musica\FLAC CD\Black Sabbath - Sabotage (2021 - Remaster) (1975)\3. Black Sabbath - Symptom Of The Universe (2021 Remaster).flac
17:25:35 - ✅ CONVERTED: D:\Musica\FLAC CD\Black Sabbath - Sabotage (2021 - Remaster) (1975)\4. Black Sabbath - Megalomania (2021 Remaster).flac
17:25:36 - ✅ CONVERTED: D:\Musica\FLAC CD\Black Sabbath - Sabotage (2021 - Remaster) (1975)\5. Black Sabbath - Thrill of It All (2021 Remaster).flac
17:25:36 - ✅ CONVERTED: D:\Musica\FLAC CD\Black Sabbath - Sabotage (2021 - Remaster) (1975)\6. Black Sabbath - Supertzar (2021 Remaster).flac
17:25:37 - ✅ CONVERTED: D:\Musica\FLAC CD\Black Sabbath - Sabotage (2021 - Remaster) (1975)\7. Black Sabbath - Am I Going Insane (Radio) [2021 Remaster].flac
17:25:37 - ✅ CONVERTED: D:\Musica\FLAC CD\Black Sabbath - Sabotage (2021 - Remaster) (1975)\8. Black Sabbath - The Writ (2021 Remaster).flac
17:25:37 - ⚠️ SKIPPED (already exists): D:\Musica\FLAC CD\Black Sabbath - Vol. 4 (2021 Remaster) (1972)\01. Black Sabbath - Wheels of Confusion - The Straightener (2021 Remaster).flac
17:25:37 - ⚠️ SKIPPED (already exists): D:\Musica\FLAC CD\Black Sabbath - Vol. 4 (2021 Remaster) (1972)\02. Black Sabbath - Tomorrow's Dream (2021 Remaster).flac
17:25:37 - ⚠️ SKIPPED (already exists): D:\Musica\FLAC CD\Black Sabbath - Vol. 4 (2021 Remaster) (1972)\03. Black Sabbath - Changes (2021 Remaster).flac
17:25:37 - ⚠️ SKIPPED (already exists): D:\Musica\FLAC CD\Black Sabbath - Vol. 4 (2021 Remaster) (1972)\04. Black Sabbath - FX (2021 Remaster).flac
17:25:37 - ⚠️ SKIPPED (already exists): D:\Musica\FLAC CD\Black Sabbath - Vol. 4 (2021 Remaster) (1972)\05. Black Sabbath - Supernaut (2020 Remaster).flac
17:25:37 - ⚠️ SKIPPED (already exists): D:\Musica\FLAC CD\Black Sabbath - Vol. 4 (2021 Remaster) (1972)\06. Black Sabbath - Snowblind (2021 Remaster).flac
17:25:37 - ⚠️ SKIPPED (already exists): D:\Musica\FLAC CD\Black Sabbath - Vol. 4 (2021 Remaster) (1972)\07. Black Sabbath - Cornucopia (2021 Remaster).flac
17:25:37 - ⚠️ SKIPPED (already exists): D:\Musica\FLAC CD\Black Sabbath - Vol. 4 (2021 Remaster) (1972)\08. Black Sabbath - Laguna Sunrise (2021 Remaster).flac
17:25:37 - ⚠️ SKIPPED (already exists): D:\Musica\FLAC CD\Black Sabbath - Vol. 4 (2021 Remaster) (1972)\09. Black Sabbath - St. Vitus Dance (2021 Remaster).flac
17:25:37 - ⚠️ SKIPPED (already exists): D:\Musica\FLAC CD\Black Sabbath - Vol. 4 (2021 Remaster) (1972)\10. Black Sabbath - Under the Sun - Every Day Comes and Goes (2021 Remaster).flac
17:25:37 - ⚠️ SKIPPED (already exists): D:\Musica\FLAC CD\Green Day - Holy Toledo! (from the Original Motion Picture “Mark, Mary & Some Other People”) (2021)\1. Green Day - Holy Toledo! (from the Original Motion Picture “Mark, Mary & Some Other People”).flac
17:25:38 - ✅ CONVERTED: D:\Musica\FLAC CD\Green Day - Pollyanna (2021)\1. Green Day - Pollyanna.flac
17:25:38 - ✅ CONVERTED: D:\Musica\FLAC CD\Green Day - ¡DOS! (2012)\01. Green Day - See You Tonight.flac
17:25:38 - ✅ CONVERTED: D:\Musica\FLAC CD\Green Day - ¡DOS! (2012)\02. Green Day - Fuck Time.flac
17:25:38 - ✅ CONVERTED: D:\Musica\FLAC CD\Green Day - ¡DOS! (2012)\03. Green Day - Stop When the Red Lights Flash.flac
17:25:39 - ✅ CONVERTED: D:\Musica\FLAC CD\Green Day - ¡DOS! (2012)\04. Green Day - Lazy Bones.flac
17:25:39 - ✅ CONVERTED: D:\Musica\FLAC CD\Green Day - ¡DOS! (2012)\05. Green Day - Wild One.flac
17:25:40 - ✅ CONVERTED: D:\Musica\FLAC CD\Green Day - ¡DOS! (2012)\06. Green Day - Makeout Party.flac
17:25:40 - ✅ CONVERTED: D:\Musica\FLAC CD\Green Day - ¡DOS! (2012)\07. Green Day - Stray Heart.flac
17:25:40 - ✅ CONVERTED: D:\Musica\FLAC CD\Green Day - ¡DOS! (2012)\08. Green Day - Ashley.flac
17:25:41 - ✅ CONVERTED: D:\Musica\FLAC CD\Green Day - ¡DOS! (2012)\09. Green Day - Baby Eyes.flac
17:25:41 - ✅ CONVERTED: D:\Musica\FLAC CD\Green Day - ¡DOS! (2012)\10. Green Day - Lady Cobra.flac
17:25:41 - ✅ CONVERTED: D:\Musica\FLAC CD\Green Day - ¡DOS! (2012)\11. Green Day - Nightlife.flac
17:25:42 - ✅ CONVERTED: D:\Musica\FLAC CD\Green Day - ¡DOS! (2012)\12. Green Day - Wow! That's Loud.flac
17:25:42 - ✅ CONVERTED: D:\Musica\FLAC CD\Green Day - ¡DOS! (2012)\13. Green Day - Amy.flac
17:25:43 - ✅ CONVERTED: D:\Musica\FLAC CD\Led Zeppelin - Led Zeppelin II (Remaster)\1. Led Zeppelin - Whole Lotta Love (Remaster).flac
17:25:43 - ✅ CONVERTED: D:\Musica\FLAC CD\Led Zeppelin - Led Zeppelin II (Remaster)\2. Led Zeppelin - What Is and What Should Never Be (Remaster).flac
17:25:44 - ✅ CONVERTED: D:\Musica\FLAC CD\Led Zeppelin - Led Zeppelin II (Remaster)\3. Led Zeppelin - The Lemon Song (Remaster).flac
17:25:45 - ✅ CONVERTED: D:\Musica\FLAC CD\Led Zeppelin - Led Zeppelin II (Remaster)\4. Led Zeppelin - Thank You (Remaster).flac
17:25:45 - ✅ CONVERTED: D:\Musica\FLAC CD\Led Zeppelin - Led Zeppelin II (Remaster)\5. Led Zeppelin - Heartbreaker (Remaster).flac
17:25:46 - ✅ CONVERTED: D:\Musica\FLAC CD\Led Zeppelin - Led Zeppelin II (Remaster)\6. Led Zeppelin - Living Loving Maid (She's Just a Woman) [Remaster].flac
17:25:46 - ✅ CONVERTED: D:\Musica\FLAC CD\Led Zeppelin - Led Zeppelin II (Remaster)\7. Led Zeppelin - Ramble On (Remaster).flac
17:25:47 - ✅ CONVERTED: D:\Musica\FLAC CD\Led Zeppelin - Led Zeppelin II (Remaster)\8. Led Zeppelin - Moby Dick (Remaster).flac
17:25:47 - ✅ CONVERTED: D:\Musica\FLAC CD\Led Zeppelin - Led Zeppelin II (Remaster)\9. Led Zeppelin - Bring It on Home (Remaster).flac
17:25:47 - ✅ CONVERTED: D:\Musica\FLAC CD\Muse - Absolution (2003)\01. Muse - Intro.flac
17:25:48 - ✅ CONVERTED: D:\Musica\FLAC CD\Muse - Absolution (2003)\02. Muse - Apocalypse Please.flac
17:25:48 - ✅ CONVERTED: D:\Musica\FLAC CD\Muse - Absolution (2003)\03. Muse - Time is Running Out.flac
17:25:49 - ✅ CONVERTED: D:\Musica\FLAC CD\Muse - Absolution (2003)\04. Muse - Sing for Absolution.flac
17:25:49 - ✅ CONVERTED: D:\Musica\FLAC CD\Muse - Absolution (2003)\05. Muse - Stockholm Syndrome.flac
17:25:50 - ✅ CONVERTED: D:\Musica\FLAC CD\Muse - Absolution (2003)\06. Muse - Falling Away with You.flac
17:25:50 - ✅ CONVERTED: D:\Musica\FLAC CD\Muse - Absolution (2003)\07. Muse - Interlude.flac
17:25:50 - ✅ CONVERTED: D:\Musica\FLAC CD\Muse - Absolution (2003)\08. Muse - Hysteria.flac
17:25:51 - ✅ CONVERTED: D:\Musica\FLAC CD\Muse - Absolution (2003)\09. Muse - Blackout.flac
17:25:51 - ✅ CONVERTED: D:\Musica\FLAC CD\Muse - Absolution (2003)\10. Muse - Butterflies & Hurricanes.flac
17:25:52 - ✅ CONVERTED: D:\Musica\FLAC CD\Muse - Absolution (2003)\11. Muse - The Small Print.flac
17:25:52 - ✅ CONVERTED: D:\Musica\FLAC CD\Muse - Absolution (2003)\12. Muse - Fury.flac
17:25:52 - ✅ CONVERTED: D:\Musica\FLAC CD\Muse - Absolution (2003)\13. Muse - Endlessly.flac
17:25:53 - ✅ CONVERTED: D:\Musica\FLAC CD\Muse - Absolution (2003)\14. Muse - Thoughts of a Dying Atheist.flac
17:25:53 - ✅ CONVERTED: D:\Musica\FLAC CD\Muse - Absolution (2003)\15. Muse - Ruled by Secrecy.flac
17:29:07 - ⚠️ SKIPPED (already exists): D:\Musica\FLAC CD\Black Sabbath - Sabotage (2021 - Remaster)\1. Black Sabbath - Hole In The Sky (2021 Remaster).flac
17:29:07 - ⚠️ SKIPPED (already exists): D:\Musica\FLAC CD\Black Sabbath - Sabotage (2021 - Remaster)\2. Black Sabbath - Don't Start (Too Late) [2021 Remaster].flac
17:29:07 - ⚠️ SKIPPED (already exists): D:\Musica\FLAC CD\Black Sabbath - Sabotage (2021 - Remaster)\3. Black Sabbath - Symptom Of The Universe (2021 Remaster).flac
17:29:07 - ⚠️ SKIPPED (already exists): D:\Musica\FLAC CD\Black Sabbath - Sabotage (2021 - Remaster)\4. Black Sabbath - Megalomania (2021 Remaster).flac
17:29:07 - ⚠️ SKIPPED (already exists): D:\Musica\FLAC CD\Black Sabbath - Sabotage (2021 - Remaster)\5. Black Sabbath - Thrill of It All (2021 Remaster).flac
17:29:07 - ⚠️ SKIPPED (already exists): D:\Musica\FLAC CD\Black Sabbath - Sabotage (2021 - Remaster)\6. Black Sabbath - Supertzar (2021 Remaster).flac
17:29:07 - ⚠️ SKIPPED (already exists): D:\Musica\FLAC CD\Black Sabbath - Sabotage (2021 - Remaster)\7. Black Sabbath - Am I Going Insane (Radio) [2021 Remaster].flac
17:29:07 - ⚠️ SKIPPED (already exists): D:\Musica\FLAC CD\Black Sabbath - Sabotage (2021 - Remaster)\8. Black Sabbath - The Writ (2021 Remaster).flac
17:29:07 - ⚠️ SKIPPED (already exists): D:\Musica\FLAC CD\Black Sabbath - Vol. 4 (2021 Remaster)\01. Black Sabbath - Wheels of Confusion - The Straightener (2021 Remaster).flac
17:29:07 - ⚠️ SKIPPED (already exists): D:\Musica\FLAC CD\Black Sabbath - Vol. 4 (2021 Remaster)\02. Black Sabbath - Tomorrow's Dream (2021 Remaster).flac
17:29:07 - ⚠️ SKIPPED (already exists): D:\Musica\FLAC CD\Black Sabbath - Vol. 4 (2021 Remaster)\03. Black Sabbath - Changes (2021 Remaster).flac
17:29:07 - ⚠️ SKIPPED (already exists): D:\Musica\FLAC CD\Black Sabbath - Vol. 4 (2021 Remaster)\04. Black Sabbath - FX (2021 Remaster).flac
17:29:07 - ⚠️ SKIPPED (already exists): D:\Musica\FLAC CD\Black Sabbath - Vol. 4 (2021 Remaster)\05. Black Sabbath - Supernaut (2020 Remaster).flac
17:29:07 - ⚠️ SKIPPED (already exists): D:\Musica\FLAC CD\Black Sabbath - Vol. 4 (2021 Remaster)\06. Black Sabbath - Snowblind (2021 Remaster).flac
17:29:07 - ⚠️ SKIPPED (already exists): D:\Musica\FLAC CD\Black Sabbath - Vol. 4 (2021 Remaster)\07. Black Sabbath - Cornucopia (2021 Remaster).flac
17:29:07 - ⚠️ SKIPPED (already exists): D:\Musica\FLAC CD\Black Sabbath - Vol. 4 (2021 Remaster)\08. Black Sabbath - Laguna Sunrise (2021 Remaster).flac
17:29:07 - ⚠️ SKIPPED (already exists): D:\Musica\FLAC CD\Black Sabbath - Vol. 4 (2021 Remaster)\09. Black Sabbath - St. Vitus Dance (2021 Remaster).flac
17:29:07 - ⚠️ SKIPPED (already exists): D:\Musica\FLAC CD\Black Sabbath - Vol. 4 (2021 Remaster)\10. Black Sabbath - Under the Sun - Every Day Comes and Goes (2021 Remaster).flac
17:29:07 - ⚠️ SKIPPED (already exists): D:\Musica\FLAC CD\Green Day - Holy Toledo! (from the Original Motion Picture “Mark, Mary & Some Other People”)\1. Green Day - Holy Toledo! (from the Original Motion Picture “Mark, Mary & Some Other People”).flac
17:29:07 - ⚠️ SKIPPED (already exists): D:\Musica\FLAC CD\Green Day - Pollyanna\1. Green Day - Pollyanna.flac
17:29:07 - ⚠️ SKIPPED (already exists): D:\Musica\FLAC CD\Green Day - ¡DOS!\01. Green Day - See You Tonight.flac
17:29:07 - ⚠️ SKIPPED (already exists): D:\Musica\FLAC CD\Green Day - ¡DOS!\02. Green Day - Fuck Time.flac
17:29:07 - ⚠️ SKIPPED (already exists): D:\Musica\FLAC CD\Green Day - ¡DOS!\03. Green Day - Stop When the Red Lights Flash.flac
17:29:07 - ⚠️ SKIPPED (already exists): D:\Musica\FLAC CD\Green Day - ¡DOS!\04. Green Day - Lazy Bones.flac
17:29:07 - ⚠️ SKIPPED (already exists): D:\Musica\FLAC CD\Green Day - ¡DOS!\05. Green Day - Wild One.flac
17:29:07 - ⚠️ SKIPPED (already exists): D:\Musica\FLAC CD\Green Day - ¡DOS!\06. Green Day - Makeout Party.flac
17:29:07 - ⚠️ SKIPPED (already exists): D:\Musica\FLAC CD\Green Day - ¡DOS!\07. Green Day - Stray Heart.flac
17:29:07 - ⚠️ SKIPPED (already exists): D:\Musica\FLAC CD\Green Day - ¡DOS!\08. Green Day - Ashley.flac
17:29:07 - ⚠️ SKIPPED (already exists): D:\Musica\FLAC CD\Green Day - ¡DOS!\09. Green Day - Baby Eyes.flac
17:29:07 - ⚠️ SKIPPED (already exists): D:\Musica\FLAC CD\Green Day - ¡DOS!\10. Green Day - Lady Cobra.flac
17:29:07 - ⚠️ SKIPPED (already exists): D:\Musica\FLAC CD\Green Day - ¡DOS!\11. Green Day - Nightlife.flac
17:29:07 - ⚠️ SKIPPED (already exists): D:\Musica\FLAC CD\Green Day - ¡DOS!\12. Green Day - Wow! That's Loud.flac
17:29:07 - ⚠️ SKIPPED (already exists): D:\Musica\FLAC CD\Green Day - ¡DOS!\13. Green Day - Amy.flac
17:29:07 - ⚠️ SKIPPED (already exists): D:\Musica\FLAC CD\Led Zeppelin - Led Zeppelin II (Remaster)\1. Led Zeppelin - Whole Lotta Love (Remaster).flac
17:29:07 - ⚠️ SKIPPED (already exists): D:\Musica\FLAC CD\Led Zeppelin - Led Zeppelin II (Remaster)\2. Led Zeppelin - What Is and What Should Never Be (Remaster).flac
17:29:07 - ⚠️ SKIPPED (already exists): D:\Musica\FLAC CD\Led Zeppelin - Led Zeppelin II (Remaster)\3. Led Zeppelin - The Lemon Song (Remaster).flac
17:29:07 - ⚠️ SKIPPED (already exists): D:\Musica\FLAC CD\Led Zeppelin - Led Zeppelin II (Remaster)\4. Led Zeppelin - Thank You (Remaster).flac
17:29:07 - ⚠️ SKIPPED (already exists): D:\Musica\FLAC CD\Led Zeppelin - Led Zeppelin II (Remaster)\5. Led Zeppelin - Heartbreaker (Remaster).flac
17:29:07 - ⚠️ SKIPPED (already exists): D:\Musica\FLAC CD\Led Zeppelin - Led Zeppelin II (Remaster)\6. Led Zeppelin - Living Loving Maid (She's Just a Woman) [Remaster].flac
17:29:07 - ⚠️ SKIPPED (already exists): D:\Musica\FLAC CD\Led Zeppelin - Led Zeppelin II (Remaster)\7. Led Zeppelin - Ramble On (Remaster).flac
17:29:07 - ⚠️ SKIPPED (already exists): D:\Musica\FLAC CD\Led Zeppelin - Led Zeppelin II (Remaster)\8. Led Zeppelin - Moby Dick (Remaster).flac
17:29:07 - ⚠️ SKIPPED (already exists): D:\Musica\FLAC CD\Led Zeppelin - Led Zeppelin II (Remaster)\9. Led Zeppelin - Bring It on Home (Remaster).flac
17:29:07 - ⚠️ SKIPPED (already exists): D:\Musica\FLAC CD\Muse - Absolution\01. Muse - Intro.flac
17:29:07 - ⚠️ SKIPPED (already exists): D:\Musica\FLAC CD\Muse - Absolution\02. Muse - Apocalypse Please.flac
17:29:07 - ⚠️ SKIPPED (already exists): D:\Musica\FLAC CD\Muse - Absolution\03. Muse - Time is Running Out.flac
17:29:07 - ⚠️ SKIPPED (already exists): D:\Musica\FLAC CD\Muse - Absolution\04. Muse - Sing for Absolution.flac
17:29:07 - ⚠️ SKIPPED (already exists): D:\Musica\FLAC CD\Muse - Absolution\05. Muse - Stockholm Syndrome.flac
17:29:07 - ⚠️ SKIPPED (already exists): D:\Musica\FLAC CD\Muse - Absolution\06. Muse - Falling Away with You.flac
17:29:07 - ⚠️ SKIPPED (already exists): D:\Musica\FLAC CD\Muse - Absolution\07. Muse - Interlude.flac
17:29:07 - ⚠️ SKIPPED (already exists): D:\Musica\FLAC CD\Muse - Absolution\08. Muse - Hysteria.flac
17:29:07 - ⚠️ SKIPPED (already exists): D:\Musica\FLAC CD\Muse - Absolution\09. Muse - Blackout.flac
17:29:07 - ⚠️ SKIPPED (already exists): D:\Musica\FLAC CD\Muse - Absolution\10. Muse - Butterflies & Hurricanes.flac
17:29:07 - ⚠️ SKIPPED (already exists): D:\Musica\FLAC CD\Muse - Absolution\11. Muse - The Small Print.flac
17:29:07 - ⚠️ SKIPPED (already exists): D:\Musica\FLAC CD\Muse - Absolution\12. Muse - Fury.flac
17:29:07 - ⚠️ SKIPPED (already exists): D:\Musica\FLAC CD\Muse - Absolution\13. Muse - Endlessly.flac
17:29:07 - ⚠️ SKIPPED (already exists): D:\Musica\FLAC CD\Muse - Absolution\14. Muse - Thoughts of a Dying Atheist.flac
17:29:07 - ⚠️ SKIPPED (already exists): D:\Musica\FLAC CD\Muse - Absolution\15. Muse - Ruled by Secrecy.flac
