21:29:50 - ✅ CONVERTED: D:\Musica\FLAC_CD\Adele - Skyfall\Adele - Skyfall.flac
21:29:50 - ✅ CONVERTED: D:\Musica\FLAC_CD\Alice in Chains - Facelift\Alice In Chains - Facelift - 01-01 We Die Young.flac
21:29:51 - ✅ CONVERTED: D:\Musica\FLAC_CD\Alice in Chains - Facelift\Alice In Chains - Facelift - 01-02 Man in the Box.flac
21:29:52 - ✅ CONVERTED: D:\Musica\FLAC_CD\Alice in Chains - Facelift\Alice In Chains - Facelift - 01-03 Sea Of Sorrow.flac
21:29:52 - ✅ CONVERTED: D:\Musica\FLAC_CD\Alice in Chains - Facelift\Alice In Chains - Facelift - 01-04 Bleed The Freak.flac
21:29:53 - ✅ CONVERTED: D:\Musica\FLAC_CD\Alice in Chains - Facelift\Alice In Chains - Facelift - 01-05 I Can't Remember.flac
21:29:54 - ✅ CONVERTED: D:\Musica\FLAC_CD\Alice in Chains - Facelift\Alice In Chains - Facelift - 01-06 Love, Hate, Love.flac
21:29:55 - ✅ CONVERTED: D:\Musica\FLAC_CD\Alice in Chains - Facelift\Alice In Chains - Facelift - 01-07 It Ain't Like That.flac
21:29:55 - ✅ CONVERTED: D:\Musica\FLAC_CD\Alice in Chains - Facelift\Alice In Chains - Facelift - 01-08 Sunshine.flac
21:29:56 - ✅ CONVERTED: D:\Musica\FLAC_CD\Alice in Chains - Facelift\Alice In Chains - Facelift - 01-09 Put You Down.flac
21:29:57 - ✅ CONVERTED: D:\Musica\FLAC_CD\Alice in Chains - Facelift\Alice In Chains - Facelift - 01-10 Confusion.flac
21:29:58 - ✅ CONVERTED: D:\Musica\FLAC_CD\Alice in Chains - Facelift\Alice In Chains - Facelift - 01-11 I Know Somethin (Bout You).flac
21:29:58 - ✅ CONVERTED: D:\Musica\FLAC_CD\Alice in Chains - Facelift\Alice In Chains - Facelift - 01-12 Real Thing.flac
21:29:58 - ⚠️ SKIPPED (already exists): D:\Musica\FLAC_CD\Black Sabbath - Sabotage (2021 - Remaster)\1. Black Sabbath - Hole In The Sky (2021 Remaster).flac
21:29:58 - ⚠️ SKIPPED (already exists): D:\Musica\FLAC_CD\Black Sabbath - Sabotage (2021 - Remaster)\2. Black Sabbath - Don't Start (Too Late) [2021 Remaster].flac
21:29:58 - ⚠️ SKIPPED (already exists): D:\Musica\FLAC_CD\Black Sabbath - Sabotage (2021 - Remaster)\3. Black Sabbath - Symptom Of The Universe (2021 Remaster).flac
21:29:58 - ⚠️ SKIPPED (already exists): D:\Musica\FLAC_CD\Black Sabbath - Sabotage (2021 - Remaster)\4. Black Sabbath - Megalomania (2021 Remaster).flac
21:29:58 - ⚠️ SKIPPED (already exists): D:\Musica\FLAC_CD\Black Sabbath - Sabotage (2021 - Remaster)\5. Black Sabbath - Thrill of It All (2021 Remaster).flac
21:29:58 - ⚠️ SKIPPED (already exists): D:\Musica\FLAC_CD\Black Sabbath - Sabotage (2021 - Remaster)\6. Black Sabbath - Supertzar (2021 Remaster).flac
21:29:58 - ⚠️ SKIPPED (already exists): D:\Musica\FLAC_CD\Black Sabbath - Sabotage (2021 - Remaster)\7. Black Sabbath - Am I Going Insane (Radio) [2021 Remaster].flac
21:29:58 - ⚠️ SKIPPED (already exists): D:\Musica\FLAC_CD\Black Sabbath - Sabotage (2021 - Remaster)\8. Black Sabbath - The Writ (2021 Remaster).flac
21:29:58 - ⚠️ SKIPPED (already exists): D:\Musica\FLAC_CD\Black Sabbath - Vol. 4 (2021 Remaster)\01. Black Sabbath - Wheels of Confusion - The Straightener (2021 Remaster).flac
21:29:58 - ⚠️ SKIPPED (already exists): D:\Musica\FLAC_CD\Black Sabbath - Vol. 4 (2021 Remaster)\02. Black Sabbath - Tomorrow's Dream (2021 Remaster).flac
21:29:58 - ⚠️ SKIPPED (already exists): D:\Musica\FLAC_CD\Black Sabbath - Vol. 4 (2021 Remaster)\03. Black Sabbath - Changes (2021 Remaster).flac
21:29:58 - ⚠️ SKIPPED (already exists): D:\Musica\FLAC_CD\Black Sabbath - Vol. 4 (2021 Remaster)\04. Black Sabbath - FX (2021 Remaster).flac
21:29:58 - ⚠️ SKIPPED (already exists): D:\Musica\FLAC_CD\Black Sabbath - Vol. 4 (2021 Remaster)\05. Black Sabbath - Supernaut (2020 Remaster).flac
21:29:58 - ⚠️ SKIPPED (already exists): D:\Musica\FLAC_CD\Black Sabbath - Vol. 4 (2021 Remaster)\06. Black Sabbath - Snowblind (2021 Remaster).flac
21:29:58 - ⚠️ SKIPPED (already exists): D:\Musica\FLAC_CD\Black Sabbath - Vol. 4 (2021 Remaster)\07. Black Sabbath - Cornucopia (2021 Remaster).flac
21:29:58 - ⚠️ SKIPPED (already exists): D:\Musica\FLAC_CD\Black Sabbath - Vol. 4 (2021 Remaster)\08. Black Sabbath - Laguna Sunrise (2021 Remaster).flac
21:29:58 - ⚠️ SKIPPED (already exists): D:\Musica\FLAC_CD\Black Sabbath - Vol. 4 (2021 Remaster)\09. Black Sabbath - St. Vitus Dance (2021 Remaster).flac
21:29:58 - ⚠️ SKIPPED (already exists): D:\Musica\FLAC_CD\Black Sabbath - Vol. 4 (2021 Remaster)\10. Black Sabbath - Under the Sun - Every Day Comes and Goes (2021 Remaster).flac
21:29:59 - ✅ CONVERTED: D:\Musica\FLAC_CD\David Bowie - Heroes (2017 Remaster)\David Bowie - _Heroes_ (2017 Remaster) - 01-01 Beauty and the Beast (2017 Remaster).flac
21:30:00 - ✅ CONVERTED: D:\Musica\FLAC_CD\David Bowie - Heroes (2017 Remaster)\David Bowie - _Heroes_ (2017 Remaster) - 01-02 Joe the Lion (2017 Remaster).flac
21:30:00 - ✅ CONVERTED: D:\Musica\FLAC_CD\David Bowie - Heroes (2017 Remaster)\David Bowie - _Heroes_ (2017 Remaster) - 01-03 Heroes (2017 Remaster).flac
21:30:01 - ✅ CONVERTED: D:\Musica\FLAC_CD\David Bowie - Heroes (2017 Remaster)\David Bowie - _Heroes_ (2017 Remaster) - 01-04 Sons of the Silent Age (2017 Remaster).flac
21:30:02 - ✅ CONVERTED: D:\Musica\FLAC_CD\David Bowie - Heroes (2017 Remaster)\David Bowie - _Heroes_ (2017 Remaster) - 01-05 Blackout (2017 Remaster).flac
21:30:02 - ✅ CONVERTED: D:\Musica\FLAC_CD\David Bowie - Heroes (2017 Remaster)\David Bowie - _Heroes_ (2017 Remaster) - 01-06 V-2 Schneider (2017 Remaster).flac
21:30:03 - ✅ CONVERTED: D:\Musica\FLAC_CD\David Bowie - Heroes (2017 Remaster)\David Bowie - _Heroes_ (2017 Remaster) - 01-07 Sense of Doubt (2017 Remaster).flac
21:30:04 - ✅ CONVERTED: D:\Musica\FLAC_CD\David Bowie - Heroes (2017 Remaster)\David Bowie - _Heroes_ (2017 Remaster) - 01-08 Moss Garden (2017 Remaster).flac
21:30:05 - ✅ CONVERTED: D:\Musica\FLAC_CD\David Bowie - Heroes (2017 Remaster)\David Bowie - _Heroes_ (2017 Remaster) - 01-09 Neuköln (2017 Remaster).flac
21:30:05 - ✅ CONVERTED: D:\Musica\FLAC_CD\David Bowie - Heroes (2017 Remaster)\David Bowie - _Heroes_ (2017 Remaster) - 01-10 The Secret Life of Arabia (2017 Remaster).flac
21:30:06 - ✅ CONVERTED: D:\Musica\FLAC_CD\Electric Light Orchestra - Out of the Blue\Electric Light Orchestra - Out of the Blue - 01-01 Turn to Stone.flac
21:30:07 - ✅ CONVERTED: D:\Musica\FLAC_CD\Electric Light Orchestra - Out of the Blue\Electric Light Orchestra - Out of the Blue - 01-02 It's Over.flac
21:30:07 - ✅ CONVERTED: D:\Musica\FLAC_CD\Electric Light Orchestra - Out of the Blue\Electric Light Orchestra - Out of the Blue - 01-03 Sweet Talkin' Woman.flac
21:30:08 - ✅ CONVERTED: D:\Musica\FLAC_CD\Electric Light Orchestra - Out of the Blue\Electric Light Orchestra - Out of the Blue - 01-04 Across the Border.flac
21:30:09 - ✅ CONVERTED: D:\Musica\FLAC_CD\Electric Light Orchestra - Out of the Blue\Electric Light Orchestra - Out of the Blue - 01-05 Night in the City.flac
21:30:10 - ✅ CONVERTED: D:\Musica\FLAC_CD\Electric Light Orchestra - Out of the Blue\Electric Light Orchestra - Out of the Blue - 01-06 Starlight.flac
21:30:11 - ✅ CONVERTED: D:\Musica\FLAC_CD\Electric Light Orchestra - Out of the Blue\Electric Light Orchestra - Out of the Blue - 01-07 Jungle.flac
21:30:11 - ✅ CONVERTED: D:\Musica\FLAC_CD\Electric Light Orchestra - Out of the Blue\Electric Light Orchestra - Out of the Blue - 01-08 Believe Me Now.flac
21:30:12 - ✅ CONVERTED: D:\Musica\FLAC_CD\Electric Light Orchestra - Out of the Blue\Electric Light Orchestra - Out of the Blue - 01-09 Steppin' Out.flac
21:30:12 - ✅ CONVERTED: D:\Musica\FLAC_CD\Electric Light Orchestra - Out of the Blue\Electric Light Orchestra - Out of the Blue - 01-10 Standin' in the Rain.flac
21:30:13 - ✅ CONVERTED: D:\Musica\FLAC_CD\Electric Light Orchestra - Out of the Blue\Electric Light Orchestra - Out of the Blue - 01-11 Big Wheels.flac
21:30:14 - ✅ CONVERTED: D:\Musica\FLAC_CD\Electric Light Orchestra - Out of the Blue\Electric Light Orchestra - Out of the Blue - 01-12 Summer and Lightning.flac
21:30:15 - ✅ CONVERTED: D:\Musica\FLAC_CD\Electric Light Orchestra - Out of the Blue\Electric Light Orchestra - Out of the Blue - 01-13 Mr. Blue Sky.flac
21:30:16 - ✅ CONVERTED: D:\Musica\FLAC_CD\Electric Light Orchestra - Out of the Blue\Electric Light Orchestra - Out of the Blue - 01-14 Sweet Is the Night.flac
21:30:16 - ✅ CONVERTED: D:\Musica\FLAC_CD\Electric Light Orchestra - Out of the Blue\Electric Light Orchestra - Out of the Blue - 01-15 The Whale.flac
21:30:17 - ✅ CONVERTED: D:\Musica\FLAC_CD\Electric Light Orchestra - Out of the Blue\Electric Light Orchestra - Out of the Blue - 01-16 Birmingham Blues.flac
21:30:18 - ✅ CONVERTED: D:\Musica\FLAC_CD\Electric Light Orchestra - Out of the Blue\Electric Light Orchestra - Out of the Blue - 01-17 Wild West Hero.flac
21:30:18 - ⚠️ SKIPPED (already exists): D:\Musica\FLAC_CD\Green Day - Holy Toledo! (from the Original Motion Picture “Mark, Mary & Some Other People”)\1. Green Day - Holy Toledo! (from the Original Motion Picture “Mark, Mary & Some Other People”).flac
21:30:18 - ⚠️ SKIPPED (already exists): D:\Musica\FLAC_CD\Green Day - Pollyanna\1. Green Day - Pollyanna.flac
21:30:18 - ⚠️ SKIPPED (already exists): D:\Musica\FLAC_CD\Green Day - ¡DOS!\01. Green Day - See You Tonight.flac
21:30:18 - ⚠️ SKIPPED (already exists): D:\Musica\FLAC_CD\Green Day - ¡DOS!\02. Green Day - Fuck Time.flac
21:30:18 - ⚠️ SKIPPED (already exists): D:\Musica\FLAC_CD\Green Day - ¡DOS!\03. Green Day - Stop When the Red Lights Flash.flac
21:30:18 - ⚠️ SKIPPED (already exists): D:\Musica\FLAC_CD\Green Day - ¡DOS!\04. Green Day - Lazy Bones.flac
21:30:18 - ⚠️ SKIPPED (already exists): D:\Musica\FLAC_CD\Green Day - ¡DOS!\05. Green Day - Wild One.flac
21:30:18 - ⚠️ SKIPPED (already exists): D:\Musica\FLAC_CD\Green Day - ¡DOS!\06. Green Day - Makeout Party.flac
21:30:18 - ⚠️ SKIPPED (already exists): D:\Musica\FLAC_CD\Green Day - ¡DOS!\07. Green Day - Stray Heart.flac
21:30:18 - ⚠️ SKIPPED (already exists): D:\Musica\FLAC_CD\Green Day - ¡DOS!\08. Green Day - Ashley.flac
21:30:18 - ⚠️ SKIPPED (already exists): D:\Musica\FLAC_CD\Green Day - ¡DOS!\09. Green Day - Baby Eyes.flac
21:30:18 - ⚠️ SKIPPED (already exists): D:\Musica\FLAC_CD\Green Day - ¡DOS!\10. Green Day - Lady Cobra.flac
21:30:18 - ⚠️ SKIPPED (already exists): D:\Musica\FLAC_CD\Green Day - ¡DOS!\11. Green Day - Nightlife.flac
21:30:18 - ⚠️ SKIPPED (already exists): D:\Musica\FLAC_CD\Green Day - ¡DOS!\12. Green Day - Wow! That's Loud.flac
21:30:18 - ⚠️ SKIPPED (already exists): D:\Musica\FLAC_CD\Green Day - ¡DOS!\13. Green Day - Amy.flac
21:30:18 - ⚠️ SKIPPED (already exists): D:\Musica\FLAC_CD\Led Zeppelin - Led Zeppelin II (Remaster)\1. Led Zeppelin - Whole Lotta Love (Remaster).flac
21:30:18 - ⚠️ SKIPPED (already exists): D:\Musica\FLAC_CD\Led Zeppelin - Led Zeppelin II (Remaster)\2. Led Zeppelin - What Is and What Should Never Be (Remaster).flac
21:30:18 - ⚠️ SKIPPED (already exists): D:\Musica\FLAC_CD\Led Zeppelin - Led Zeppelin II (Remaster)\3. Led Zeppelin - The Lemon Song (Remaster).flac
21:30:18 - ⚠️ SKIPPED (already exists): D:\Musica\FLAC_CD\Led Zeppelin - Led Zeppelin II (Remaster)\4. Led Zeppelin - Thank You (Remaster).flac
21:30:18 - ⚠️ SKIPPED (already exists): D:\Musica\FLAC_CD\Led Zeppelin - Led Zeppelin II (Remaster)\5. Led Zeppelin - Heartbreaker (Remaster).flac
21:30:18 - ⚠️ SKIPPED (already exists): D:\Musica\FLAC_CD\Led Zeppelin - Led Zeppelin II (Remaster)\6. Led Zeppelin - Living Loving Maid (She's Just a Woman) [Remaster].flac
21:30:18 - ⚠️ SKIPPED (already exists): D:\Musica\FLAC_CD\Led Zeppelin - Led Zeppelin II (Remaster)\7. Led Zeppelin - Ramble On (Remaster).flac
21:30:18 - ⚠️ SKIPPED (already exists): D:\Musica\FLAC_CD\Led Zeppelin - Led Zeppelin II (Remaster)\8. Led Zeppelin - Moby Dick (Remaster).flac
21:30:18 - ⚠️ SKIPPED (already exists): D:\Musica\FLAC_CD\Led Zeppelin - Led Zeppelin II (Remaster)\9. Led Zeppelin - Bring It on Home (Remaster).flac
21:30:18 - ✅ CONVERTED: D:\Musica\FLAC_CD\Led Zeppelin - Led Zeppelin III (Remaster)\Led Zeppelin - Led Zeppelin III (Remaster) - 01-01 Immigrant Song (Remaster).flac
21:30:19 - ✅ CONVERTED: D:\Musica\FLAC_CD\Led Zeppelin - Led Zeppelin III (Remaster)\Led Zeppelin - Led Zeppelin III (Remaster) - 01-02 Friends (Remaster).flac
21:30:19 - ✅ CONVERTED: D:\Musica\FLAC_CD\Led Zeppelin - Led Zeppelin III (Remaster)\Led Zeppelin - Led Zeppelin III (Remaster) - 01-03 Celebration Day (Remaster).flac
21:30:20 - ✅ CONVERTED: D:\Musica\FLAC_CD\Led Zeppelin - Led Zeppelin III (Remaster)\Led Zeppelin - Led Zeppelin III (Remaster) - 01-04 Since I've Been Loving You (Remaster).flac
21:30:21 - ✅ CONVERTED: D:\Musica\FLAC_CD\Led Zeppelin - Led Zeppelin III (Remaster)\Led Zeppelin - Led Zeppelin III (Remaster) - 01-05 Out on the Tiles (Remaster).flac
21:30:22 - ✅ CONVERTED: D:\Musica\FLAC_CD\Led Zeppelin - Led Zeppelin III (Remaster)\Led Zeppelin - Led Zeppelin III (Remaster) - 01-06 Gallows Pole (Remaster).flac
21:30:22 - ✅ CONVERTED: D:\Musica\FLAC_CD\Led Zeppelin - Led Zeppelin III (Remaster)\Led Zeppelin - Led Zeppelin III (Remaster) - 01-07 Tangerine (Remaster).flac
21:30:23 - ✅ CONVERTED: D:\Musica\FLAC_CD\Led Zeppelin - Led Zeppelin III (Remaster)\Led Zeppelin - Led Zeppelin III (Remaster) - 01-08 That's the Way (Remaster).flac
21:30:23 - ✅ CONVERTED: D:\Musica\FLAC_CD\Led Zeppelin - Led Zeppelin III (Remaster)\Led Zeppelin - Led Zeppelin III (Remaster) - 01-09 Bron-Y-Aur Stomp (Remaster).flac
21:30:24 - ✅ CONVERTED: D:\Musica\FLAC_CD\Led Zeppelin - Led Zeppelin III (Remaster)\Led Zeppelin - Led Zeppelin III (Remaster) - 01-10 Hats off To (Roy) Harper [Remaster].flac
21:30:24 - ⚠️ SKIPPED (already exists): D:\Musica\FLAC_CD\Muse - Absolution\01. Muse - Intro.flac
21:30:24 - ⚠️ SKIPPED (already exists): D:\Musica\FLAC_CD\Muse - Absolution\02. Muse - Apocalypse Please.flac
21:30:24 - ⚠️ SKIPPED (already exists): D:\Musica\FLAC_CD\Muse - Absolution\03. Muse - Time is Running Out.flac
21:30:24 - ⚠️ SKIPPED (already exists): D:\Musica\FLAC_CD\Muse - Absolution\04. Muse - Sing for Absolution.flac
21:30:24 - ⚠️ SKIPPED (already exists): D:\Musica\FLAC_CD\Muse - Absolution\05. Muse - Stockholm Syndrome.flac
21:30:24 - ⚠️ SKIPPED (already exists): D:\Musica\FLAC_CD\Muse - Absolution\06. Muse - Falling Away with You.flac
21:30:24 - ⚠️ SKIPPED (already exists): D:\Musica\FLAC_CD\Muse - Absolution\07. Muse - Interlude.flac
21:30:24 - ⚠️ SKIPPED (already exists): D:\Musica\FLAC_CD\Muse - Absolution\08. Muse - Hysteria.flac
21:30:24 - ⚠️ SKIPPED (already exists): D:\Musica\FLAC_CD\Muse - Absolution\09. Muse - Blackout.flac
21:30:24 - ⚠️ SKIPPED (already exists): D:\Musica\FLAC_CD\Muse - Absolution\10. Muse - Butterflies & Hurricanes.flac
21:30:24 - ⚠️ SKIPPED (already exists): D:\Musica\FLAC_CD\Muse - Absolution\11. Muse - The Small Print.flac
21:30:24 - ⚠️ SKIPPED (already exists): D:\Musica\FLAC_CD\Muse - Absolution\12. Muse - Fury.flac
21:30:24 - ⚠️ SKIPPED (already exists): D:\Musica\FLAC_CD\Muse - Absolution\13. Muse - Endlessly.flac
21:30:24 - ⚠️ SKIPPED (already exists): D:\Musica\FLAC_CD\Muse - Absolution\14. Muse - Thoughts of a Dying Atheist.flac
21:30:24 - ⚠️ SKIPPED (already exists): D:\Musica\FLAC_CD\Muse - Absolution\15. Muse - Ruled by Secrecy.flac
21:30:25 - ✅ CONVERTED: D:\Musica\FLAC_CD\Nirvana - Nevermind\Nirvana - Nevermind - 01-01 Smells Like Teen Spirit.flac
21:30:25 - ✅ CONVERTED: D:\Musica\FLAC_CD\Nirvana - Nevermind\Nirvana - Nevermind - 01-02 In Bloom.flac
21:30:26 - ✅ CONVERTED: D:\Musica\FLAC_CD\Nirvana - Nevermind\Nirvana - Nevermind - 01-03 Come As You Are.flac
21:30:26 - ✅ CONVERTED: D:\Musica\FLAC_CD\Nirvana - Nevermind\Nirvana - Nevermind - 01-04 Breed.flac
21:30:27 - ✅ CONVERTED: D:\Musica\FLAC_CD\Nirvana - Nevermind\Nirvana - Nevermind - 01-05 Lithium.flac
21:30:27 - ✅ CONVERTED: D:\Musica\FLAC_CD\Nirvana - Nevermind\Nirvana - Nevermind - 01-06 Polly.flac
21:30:28 - ✅ CONVERTED: D:\Musica\FLAC_CD\Nirvana - Nevermind\Nirvana - Nevermind - 01-07 Territorial Pissings.flac
21:30:28 - ✅ CONVERTED: D:\Musica\FLAC_CD\Nirvana - Nevermind\Nirvana - Nevermind - 01-08 Drain You.flac
21:30:28 - ✅ CONVERTED: D:\Musica\FLAC_CD\Nirvana - Nevermind\Nirvana - Nevermind - 01-09 Lounge Act.flac
21:30:29 - ✅ CONVERTED: D:\Musica\FLAC_CD\Nirvana - Nevermind\Nirvana - Nevermind - 01-10 Stay Away.flac
21:30:29 - ✅ CONVERTED: D:\Musica\FLAC_CD\Nirvana - Nevermind\Nirvana - Nevermind - 01-11 On A Plain.flac
21:30:30 - ✅ CONVERTED: D:\Musica\FLAC_CD\Nirvana - Nevermind\Nirvana - Nevermind - 01-12 Something In The Way.flac
21:30:31 - ✅ CONVERTED: D:\Musica\FLAC_CD\Nirvana - Nevermind\Nirvana - Nevermind - 01-13 Endless, Nameless.flac
21:30:31 - ✅ CONVERTED: D:\Musica\FLAC_CD\R.E.M. - Out Of Time\R.E.M. - Out Of Time - 01-01 Radio Song.flac
21:30:32 - ✅ CONVERTED: D:\Musica\FLAC_CD\R.E.M. - Out Of Time\R.E.M. - Out Of Time - 01-02 Losing My Religion.flac
21:30:33 - ✅ CONVERTED: D:\Musica\FLAC_CD\R.E.M. - Out Of Time\R.E.M. - Out Of Time - 01-03 Low.flac
21:30:33 - ✅ CONVERTED: D:\Musica\FLAC_CD\R.E.M. - Out Of Time\R.E.M. - Out Of Time - 01-04 Near Wild Heaven.flac
21:30:34 - ✅ CONVERTED: D:\Musica\FLAC_CD\R.E.M. - Out Of Time\R.E.M. - Out Of Time - 01-05 Endgame.flac
21:30:34 - ✅ CONVERTED: D:\Musica\FLAC_CD\R.E.M. - Out Of Time\R.E.M. - Out Of Time - 01-06 Shiny Happy People.flac
21:30:35 - ✅ CONVERTED: D:\Musica\FLAC_CD\R.E.M. - Out Of Time\R.E.M. - Out Of Time - 01-07 Belong.flac
21:30:35 - ✅ CONVERTED: D:\Musica\FLAC_CD\R.E.M. - Out Of Time\R.E.M. - Out Of Time - 01-08 Half A World Away.flac
21:30:36 - ✅ CONVERTED: D:\Musica\FLAC_CD\R.E.M. - Out Of Time\R.E.M. - Out Of Time - 01-09 Texarkana.flac
21:30:36 - ✅ CONVERTED: D:\Musica\FLAC_CD\R.E.M. - Out Of Time\R.E.M. - Out Of Time - 01-10 Country Feedback.flac
21:30:37 - ✅ CONVERTED: D:\Musica\FLAC_CD\R.E.M. - Out Of Time\R.E.M. - Out Of Time - 01-11 Me In Honey.flac
21:30:37 - ✅ CONVERTED: D:\Musica\FLAC_CD\Toby Fox - DELTARUNE Chapter 2\Toby Fox - DELTARUNE Chapter 2 (Original Game Soundtrack) - 01-01 Faint Glow.flac
21:30:37 - ✅ CONVERTED: D:\Musica\FLAC_CD\Toby Fox - DELTARUNE Chapter 2\Toby Fox - DELTARUNE Chapter 2 (Original Game Soundtrack) - 01-02 Girl Next Door.flac
21:30:38 - ✅ CONVERTED: D:\Musica\FLAC_CD\Toby Fox - DELTARUNE Chapter 2\Toby Fox - DELTARUNE Chapter 2 (Original Game Soundtrack) - 01-03 My Castle Town.flac
21:30:38 - ✅ CONVERTED: D:\Musica\FLAC_CD\Toby Fox - DELTARUNE Chapter 2\Toby Fox - DELTARUNE Chapter 2 (Original Game Soundtrack) - 01-04 Ohhhhohohoho!.flac
21:30:38 - ✅ CONVERTED: D:\Musica\FLAC_CD\Toby Fox - DELTARUNE Chapter 2\Toby Fox - DELTARUNE Chapter 2 (Original Game Soundtrack) - 01-05 Queen.flac
21:30:38 - ✅ CONVERTED: D:\Musica\FLAC_CD\Toby Fox - DELTARUNE Chapter 2\Toby Fox - DELTARUNE Chapter 2 (Original Game Soundtrack) - 01-06 A CYBER'S WORLD_.flac
21:30:39 - ✅ CONVERTED: D:\Musica\FLAC_CD\Toby Fox - DELTARUNE Chapter 2\Toby Fox - DELTARUNE Chapter 2 (Original Game Soundtrack) - 01-07 A Simple Diversion.flac
21:30:39 - ✅ CONVERTED: D:\Musica\FLAC_CD\Toby Fox - DELTARUNE Chapter 2\Toby Fox - DELTARUNE Chapter 2 (Original Game Soundtrack) - 01-08 Almost to the Guys!.flac
21:30:39 - ✅ CONVERTED: D:\Musica\FLAC_CD\Toby Fox - DELTARUNE Chapter 2\Toby Fox - DELTARUNE Chapter 2 (Original Game Soundtrack) - 01-09 Cool Beat.flac
21:30:39 - ✅ CONVERTED: D:\Musica\FLAC_CD\Toby Fox - DELTARUNE Chapter 2\Toby Fox - DELTARUNE Chapter 2 (Original Game Soundtrack) - 01-10 When I Get Mad I Dance Like This.flac
21:30:39 - ✅ CONVERTED: D:\Musica\FLAC_CD\Toby Fox - DELTARUNE Chapter 2\Toby Fox - DELTARUNE Chapter 2 (Original Game Soundtrack) - 01-11 Cyber Battle (Solo).flac
21:30:39 - ✅ CONVERTED: D:\Musica\FLAC_CD\Toby Fox - DELTARUNE Chapter 2\Toby Fox - DELTARUNE Chapter 2 (Original Game Soundtrack) - 01-12 When I Get Happy I Dance Like This.flac
21:30:39 - ✅ CONVERTED: D:\Musica\FLAC_CD\Toby Fox - DELTARUNE Chapter 2\Toby Fox - DELTARUNE Chapter 2 (Original Game Soundtrack) - 01-13 Sound Studio.flac
21:30:40 - ✅ CONVERTED: D:\Musica\FLAC_CD\Toby Fox - DELTARUNE Chapter 2\Toby Fox - DELTARUNE Chapter 2 (Original Game Soundtrack) - 01-14 Berdly.flac
21:30:40 - ✅ CONVERTED: D:\Musica\FLAC_CD\Toby Fox - DELTARUNE Chapter 2\Toby Fox - DELTARUNE Chapter 2 (Original Game Soundtrack) - 01-15 Smart Race.flac
21:30:40 - ✅ CONVERTED: D:\Musica\FLAC_CD\Toby Fox - DELTARUNE Chapter 2\Toby Fox - DELTARUNE Chapter 2 (Original Game Soundtrack) - 01-16 Faint Courage (Game Over).flac
21:30:40 - ✅ CONVERTED: D:\Musica\FLAC_CD\Toby Fox - DELTARUNE Chapter 2\Toby Fox - DELTARUNE Chapter 2 (Original Game Soundtrack) - 01-17 WELCOME TO THE CITY.flac
21:30:40 - ✅ CONVERTED: D:\Musica\FLAC_CD\Toby Fox - DELTARUNE Chapter 2\Toby Fox - DELTARUNE Chapter 2 (Original Game Soundtrack) - 01-18 Mini Studio.flac
21:30:41 - ✅ CONVERTED: D:\Musica\FLAC_CD\Toby Fox - DELTARUNE Chapter 2\Toby Fox - DELTARUNE Chapter 2 (Original Game Soundtrack) - 01-19 Holiday Studio.flac
21:30:41 - ✅ CONVERTED: D:\Musica\FLAC_CD\Toby Fox - DELTARUNE Chapter 2\Toby Fox - DELTARUNE Chapter 2 (Original Game Soundtrack) - 01-20 Cool Mixtape.flac
21:30:41 - ✅ CONVERTED: D:\Musica\FLAC_CD\Toby Fox - DELTARUNE Chapter 2\Toby Fox - DELTARUNE Chapter 2 (Original Game Soundtrack) - 01-21 HEY EVERY !.flac
21:30:41 - ✅ CONVERTED: D:\Musica\FLAC_CD\Toby Fox - DELTARUNE Chapter 2\Toby Fox - DELTARUNE Chapter 2 (Original Game Soundtrack) - 01-22 Spamton.flac
21:30:41 - ✅ CONVERTED: D:\Musica\FLAC_CD\Toby Fox - DELTARUNE Chapter 2\Toby Fox - DELTARUNE Chapter 2 (Original Game Soundtrack) - 01-23 NOW'S YOUR CHANCE TO BE A.flac
21:30:41 - ✅ CONVERTED: D:\Musica\FLAC_CD\Toby Fox - DELTARUNE Chapter 2\Toby Fox - DELTARUNE Chapter 2 (Original Game Soundtrack) - 01-24 Elegant Entrance.flac
21:30:41 - ✅ CONVERTED: D:\Musica\FLAC_CD\Toby Fox - DELTARUNE Chapter 2\Toby Fox - DELTARUNE Chapter 2 (Original Game Soundtrack) - 01-25 Bluebird of Misfortune.flac
21:30:42 - ✅ CONVERTED: D:\Musica\FLAC_CD\Toby Fox - DELTARUNE Chapter 2\Toby Fox - DELTARUNE Chapter 2 (Original Game Soundtrack) - 01-26 Pandora Palace.flac
21:30:42 - ✅ CONVERTED: D:\Musica\FLAC_CD\Toby Fox - DELTARUNE Chapter 2\Toby Fox - DELTARUNE Chapter 2 (Original Game Soundtrack) - 01-27 KEYGEN.flac
21:30:42 - ✅ CONVERTED: D:\Musica\FLAC_CD\Toby Fox - DELTARUNE Chapter 2\Toby Fox - DELTARUNE Chapter 2 (Original Game Soundtrack) - 01-28 Acid Tunnel of Love.flac
21:30:42 - ✅ CONVERTED: D:\Musica\FLAC_CD\Toby Fox - DELTARUNE Chapter 2\Toby Fox - DELTARUNE Chapter 2 (Original Game Soundtrack) - 01-29 It's Pronounced _Rules_.flac
21:30:42 - ✅ CONVERTED: D:\Musica\FLAC_CD\Toby Fox - DELTARUNE Chapter 2\Toby Fox - DELTARUNE Chapter 2 (Original Game Soundtrack) - 01-30 Lost Girl.flac
21:30:43 - ✅ CONVERTED: D:\Musica\FLAC_CD\Toby Fox - DELTARUNE Chapter 2\Toby Fox - DELTARUNE Chapter 2 (Original Game Soundtrack) - 01-31 Ferris Wheel.flac
21:30:43 - ✅ CONVERTED: D:\Musica\FLAC_CD\Toby Fox - DELTARUNE Chapter 2\Toby Fox - DELTARUNE Chapter 2 (Original Game Soundtrack) - 01-32 Attack of the Killer Queen.flac
21:30:43 - ✅ CONVERTED: D:\Musica\FLAC_CD\Toby Fox - DELTARUNE Chapter 2\Toby Fox - DELTARUNE Chapter 2 (Original Game Soundtrack) - 01-33 Giga Size.flac
21:30:43 - ✅ CONVERTED: D:\Musica\FLAC_CD\Toby Fox - DELTARUNE Chapter 2\Toby Fox - DELTARUNE Chapter 2 (Original Game Soundtrack) - 01-34 Powers Combined.flac
21:30:44 - ✅ CONVERTED: D:\Musica\FLAC_CD\Toby Fox - DELTARUNE Chapter 2\Toby Fox - DELTARUNE Chapter 2 (Original Game Soundtrack) - 01-35 Knock You Down !!.flac
21:30:44 - ✅ CONVERTED: D:\Musica\FLAC_CD\Toby Fox - DELTARUNE Chapter 2\Toby Fox - DELTARUNE Chapter 2 (Original Game Soundtrack) - 01-36 The Dark Truth.flac
21:30:44 - ✅ CONVERTED: D:\Musica\FLAC_CD\Toby Fox - DELTARUNE Chapter 2\Toby Fox - DELTARUNE Chapter 2 (Original Game Soundtrack) - 01-37 Digital Roots.flac
21:30:44 - ✅ CONVERTED: D:\Musica\FLAC_CD\Toby Fox - DELTARUNE Chapter 2\Toby Fox - DELTARUNE Chapter 2 (Original Game Soundtrack) - 01-38 Deal Gone Wrong.flac
21:30:45 - ✅ CONVERTED: D:\Musica\FLAC_CD\Toby Fox - DELTARUNE Chapter 2\Toby Fox - DELTARUNE Chapter 2 (Original Game Soundtrack) - 01-39 BIG SHOT.flac
21:30:45 - ✅ CONVERTED: D:\Musica\FLAC_CD\Toby Fox - DELTARUNE Chapter 2\Toby Fox - DELTARUNE Chapter 2 (Original Game Soundtrack) - 01-40 A Real Boy!.flac
21:30:45 - ✅ CONVERTED: D:\Musica\FLAC_CD\Toby Fox - DELTARUNE Chapter 2\Toby Fox - DELTARUNE Chapter 2 (Original Game Soundtrack) - 01-41 Dialtone.flac
21:30:45 - ✅ CONVERTED: D:\Musica\FLAC_CD\Toby Fox - DELTARUNE Chapter 2\Toby Fox - DELTARUNE Chapter 2 (Original Game Soundtrack) - 01-42 sans..flac
21:30:45 - ✅ CONVERTED: D:\Musica\FLAC_CD\Toby Fox - DELTARUNE Chapter 2\Toby Fox - DELTARUNE Chapter 2 (Original Game Soundtrack) - 01-43 Chill Jailbreak Alarm to Study and Relax to.flac
21:30:45 - ✅ CONVERTED: D:\Musica\FLAC_CD\Toby Fox - DELTARUNE Chapter 2\Toby Fox - DELTARUNE Chapter 2 (Original Game Soundtrack) - 01-44 You Can Always Come Home.flac
21:30:46 - ✅ CONVERTED: D:\Musica\FLAC_CD\Toby Fox - DELTARUNE Chapter 2\Toby Fox - DELTARUNE Chapter 2 (Original Game Soundtrack) - 01-45 Until Next Time.flac
21:30:46 - ✅ CONVERTED: D:\Musica\FLAC_CD\Toby Fox - DELTARUNE Chapter 2\Toby Fox - DELTARUNE Chapter 2 (Original Game Soundtrack) - 01-46 Before the Story.flac
21:30:46 - ✅ CONVERTED: D:\Musica\FLAC_CD\Toby Fox - DELTARUNE Chapter 2\Toby Fox - DELTARUNE Chapter 2 (Original Game Soundtrack) - 01-47 Berdly (Rejected Concept).flac
21:39:04 - ✅ CONVERTED: D:\Musica\FLAC_CD\Adele - Skyfall\Adele - Skyfall.flac
21:39:04 - ✅ CONVERTED: D:\Musica\FLAC_CD\Alice in Chains - Facelift\Alice In Chains - Facelift - 01-01 We Die Young.flac
21:39:05 - ✅ CONVERTED: D:\Musica\FLAC_CD\Alice in Chains - Facelift\Alice In Chains - Facelift - 01-02 Man in the Box.flac
21:39:06 - ✅ CONVERTED: D:\Musica\FLAC_CD\Alice in Chains - Facelift\Alice In Chains - Facelift - 01-03 Sea Of Sorrow.flac
21:39:06 - ✅ CONVERTED: D:\Musica\FLAC_CD\Alice in Chains - Facelift\Alice In Chains - Facelift - 01-04 Bleed The Freak.flac
21:39:07 - ✅ CONVERTED: D:\Musica\FLAC_CD\Alice in Chains - Facelift\Alice In Chains - Facelift - 01-05 I Can't Remember.flac
21:39:08 - ✅ CONVERTED: D:\Musica\FLAC_CD\Alice in Chains - Facelift\Alice In Chains - Facelift - 01-06 Love, Hate, Love.flac
21:39:08 - ✅ CONVERTED: D:\Musica\FLAC_CD\Alice in Chains - Facelift\Alice In Chains - Facelift - 01-07 It Ain't Like That.flac
21:39:09 - ✅ CONVERTED: D:\Musica\FLAC_CD\Alice in Chains - Facelift\Alice In Chains - Facelift - 01-08 Sunshine.flac
21:39:10 - ✅ CONVERTED: D:\Musica\FLAC_CD\Alice in Chains - Facelift\Alice In Chains - Facelift - 01-09 Put You Down.flac
21:39:11 - ✅ CONVERTED: D:\Musica\FLAC_CD\Alice in Chains - Facelift\Alice In Chains - Facelift - 01-10 Confusion.flac
21:39:11 - ✅ CONVERTED: D:\Musica\FLAC_CD\Alice in Chains - Facelift\Alice In Chains - Facelift - 01-11 I Know Somethin (Bout You).flac
21:39:12 - ✅ CONVERTED: D:\Musica\FLAC_CD\Alice in Chains - Facelift\Alice In Chains - Facelift - 01-12 Real Thing.flac
21:39:12 - ⚠️ SKIPPED (already exists): D:\Musica\FLAC_CD\Black Sabbath - Sabotage (2021 - Remaster)\1. Black Sabbath - Hole In The Sky (2021 Remaster).flac
21:39:12 - ⚠️ SKIPPED (already exists): D:\Musica\FLAC_CD\Black Sabbath - Sabotage (2021 - Remaster)\2. Black Sabbath - Don't Start (Too Late) [2021 Remaster].flac
21:39:12 - ⚠️ SKIPPED (already exists): D:\Musica\FLAC_CD\Black Sabbath - Sabotage (2021 - Remaster)\3. Black Sabbath - Symptom Of The Universe (2021 Remaster).flac
21:39:12 - ⚠️ SKIPPED (already exists): D:\Musica\FLAC_CD\Black Sabbath - Sabotage (2021 - Remaster)\4. Black Sabbath - Megalomania (2021 Remaster).flac
21:39:12 - ⚠️ SKIPPED (already exists): D:\Musica\FLAC_CD\Black Sabbath - Sabotage (2021 - Remaster)\5. Black Sabbath - Thrill of It All (2021 Remaster).flac
21:39:12 - ⚠️ SKIPPED (already exists): D:\Musica\FLAC_CD\Black Sabbath - Sabotage (2021 - Remaster)\6. Black Sabbath - Supertzar (2021 Remaster).flac
21:39:12 - ⚠️ SKIPPED (already exists): D:\Musica\FLAC_CD\Black Sabbath - Sabotage (2021 - Remaster)\7. Black Sabbath - Am I Going Insane (Radio) [2021 Remaster].flac
21:39:12 - ⚠️ SKIPPED (already exists): D:\Musica\FLAC_CD\Black Sabbath - Sabotage (2021 - Remaster)\8. Black Sabbath - The Writ (2021 Remaster).flac
21:39:12 - ⚠️ SKIPPED (already exists): D:\Musica\FLAC_CD\Black Sabbath - Vol. 4 (2021 Remaster)\01. Black Sabbath - Wheels of Confusion - The Straightener (2021 Remaster).flac
21:39:12 - ⚠️ SKIPPED (already exists): D:\Musica\FLAC_CD\Black Sabbath - Vol. 4 (2021 Remaster)\02. Black Sabbath - Tomorrow's Dream (2021 Remaster).flac
21:39:12 - ⚠️ SKIPPED (already exists): D:\Musica\FLAC_CD\Black Sabbath - Vol. 4 (2021 Remaster)\03. Black Sabbath - Changes (2021 Remaster).flac
21:39:12 - ⚠️ SKIPPED (already exists): D:\Musica\FLAC_CD\Black Sabbath - Vol. 4 (2021 Remaster)\04. Black Sabbath - FX (2021 Remaster).flac
21:39:12 - ⚠️ SKIPPED (already exists): D:\Musica\FLAC_CD\Black Sabbath - Vol. 4 (2021 Remaster)\05. Black Sabbath - Supernaut (2020 Remaster).flac
21:39:12 - ⚠️ SKIPPED (already exists): D:\Musica\FLAC_CD\Black Sabbath - Vol. 4 (2021 Remaster)\06. Black Sabbath - Snowblind (2021 Remaster).flac
21:39:12 - ⚠️ SKIPPED (already exists): D:\Musica\FLAC_CD\Black Sabbath - Vol. 4 (2021 Remaster)\07. Black Sabbath - Cornucopia (2021 Remaster).flac
21:39:12 - ⚠️ SKIPPED (already exists): D:\Musica\FLAC_CD\Black Sabbath - Vol. 4 (2021 Remaster)\08. Black Sabbath - Laguna Sunrise (2021 Remaster).flac
21:39:12 - ⚠️ SKIPPED (already exists): D:\Musica\FLAC_CD\Black Sabbath - Vol. 4 (2021 Remaster)\09. Black Sabbath - St. Vitus Dance (2021 Remaster).flac
21:39:12 - ⚠️ SKIPPED (already exists): D:\Musica\FLAC_CD\Black Sabbath - Vol. 4 (2021 Remaster)\10. Black Sabbath - Under the Sun - Every Day Comes and Goes (2021 Remaster).flac
21:39:13 - ✅ CONVERTED: D:\Musica\FLAC_CD\David Bowie - Heroes (2017 Remaster)\David Bowie - _Heroes_ (2017 Remaster) - 01-01 Beauty and the Beast (2017 Remaster).flac
21:39:13 - ✅ CONVERTED: D:\Musica\FLAC_CD\David Bowie - Heroes (2017 Remaster)\David Bowie - _Heroes_ (2017 Remaster) - 01-02 Joe the Lion (2017 Remaster).flac
21:39:14 - ✅ CONVERTED: D:\Musica\FLAC_CD\David Bowie - Heroes (2017 Remaster)\David Bowie - _Heroes_ (2017 Remaster) - 01-03 Heroes (2017 Remaster).flac
21:39:15 - ✅ CONVERTED: D:\Musica\FLAC_CD\David Bowie - Heroes (2017 Remaster)\David Bowie - _Heroes_ (2017 Remaster) - 01-04 Sons of the Silent Age (2017 Remaster).flac
21:39:16 - ✅ CONVERTED: D:\Musica\FLAC_CD\David Bowie - Heroes (2017 Remaster)\David Bowie - _Heroes_ (2017 Remaster) - 01-05 Blackout (2017 Remaster).flac
21:39:16 - ✅ CONVERTED: D:\Musica\FLAC_CD\David Bowie - Heroes (2017 Remaster)\David Bowie - _Heroes_ (2017 Remaster) - 01-06 V-2 Schneider (2017 Remaster).flac
21:39:17 - ✅ CONVERTED: D:\Musica\FLAC_CD\David Bowie - Heroes (2017 Remaster)\David Bowie - _Heroes_ (2017 Remaster) - 01-07 Sense of Doubt (2017 Remaster).flac
21:39:18 - ✅ CONVERTED: D:\Musica\FLAC_CD\David Bowie - Heroes (2017 Remaster)\David Bowie - _Heroes_ (2017 Remaster) - 01-08 Moss Garden (2017 Remaster).flac
21:39:19 - ✅ CONVERTED: D:\Musica\FLAC_CD\David Bowie - Heroes (2017 Remaster)\David Bowie - _Heroes_ (2017 Remaster) - 01-09 Neuköln (2017 Remaster).flac
21:39:19 - ✅ CONVERTED: D:\Musica\FLAC_CD\David Bowie - Heroes (2017 Remaster)\David Bowie - _Heroes_ (2017 Remaster) - 01-10 The Secret Life of Arabia (2017 Remaster).flac
21:39:20 - ✅ CONVERTED: D:\Musica\FLAC_CD\Electric Light Orchestra - Out of the Blue\Electric Light Orchestra - Out of the Blue - 01-01 Turn to Stone.flac
21:39:21 - ✅ CONVERTED: D:\Musica\FLAC_CD\Electric Light Orchestra - Out of the Blue\Electric Light Orchestra - Out of the Blue - 01-02 It's Over.flac
21:39:21 - ✅ CONVERTED: D:\Musica\FLAC_CD\Electric Light Orchestra - Out of the Blue\Electric Light Orchestra - Out of the Blue - 01-03 Sweet Talkin' Woman.flac
21:39:22 - ✅ CONVERTED: D:\Musica\FLAC_CD\Electric Light Orchestra - Out of the Blue\Electric Light Orchestra - Out of the Blue - 01-04 Across the Border.flac
21:39:23 - ✅ CONVERTED: D:\Musica\FLAC_CD\Electric Light Orchestra - Out of the Blue\Electric Light Orchestra - Out of the Blue - 01-05 Night in the City.flac
21:39:23 - ✅ CONVERTED: D:\Musica\FLAC_CD\Electric Light Orchestra - Out of the Blue\Electric Light Orchestra - Out of the Blue - 01-06 Starlight.flac
21:39:24 - ✅ CONVERTED: D:\Musica\FLAC_CD\Electric Light Orchestra - Out of the Blue\Electric Light Orchestra - Out of the Blue - 01-07 Jungle.flac
21:39:24 - ✅ CONVERTED: D:\Musica\FLAC_CD\Electric Light Orchestra - Out of the Blue\Electric Light Orchestra - Out of the Blue - 01-08 Believe Me Now.flac
21:39:25 - ✅ CONVERTED: D:\Musica\FLAC_CD\Electric Light Orchestra - Out of the Blue\Electric Light Orchestra - Out of the Blue - 01-09 Steppin' Out.flac
21:39:26 - ✅ CONVERTED: D:\Musica\FLAC_CD\Electric Light Orchestra - Out of the Blue\Electric Light Orchestra - Out of the Blue - 01-10 Standin' in the Rain.flac
21:39:27 - ✅ CONVERTED: D:\Musica\FLAC_CD\Electric Light Orchestra - Out of the Blue\Electric Light Orchestra - Out of the Blue - 01-11 Big Wheels.flac
21:39:28 - ✅ CONVERTED: D:\Musica\FLAC_CD\Electric Light Orchestra - Out of the Blue\Electric Light Orchestra - Out of the Blue - 01-12 Summer and Lightning.flac
21:39:28 - ✅ CONVERTED: D:\Musica\FLAC_CD\Electric Light Orchestra - Out of the Blue\Electric Light Orchestra - Out of the Blue - 01-13 Mr. Blue Sky.flac
21:39:29 - ✅ CONVERTED: D:\Musica\FLAC_CD\Electric Light Orchestra - Out of the Blue\Electric Light Orchestra - Out of the Blue - 01-14 Sweet Is the Night.flac
21:39:30 - ✅ CONVERTED: D:\Musica\FLAC_CD\Electric Light Orchestra - Out of the Blue\Electric Light Orchestra - Out of the Blue - 01-15 The Whale.flac
21:39:31 - ✅ CONVERTED: D:\Musica\FLAC_CD\Electric Light Orchestra - Out of the Blue\Electric Light Orchestra - Out of the Blue - 01-16 Birmingham Blues.flac
21:39:31 - ✅ CONVERTED: D:\Musica\FLAC_CD\Electric Light Orchestra - Out of the Blue\Electric Light Orchestra - Out of the Blue - 01-17 Wild West Hero.flac
21:39:31 - ⚠️ SKIPPED (already exists): D:\Musica\FLAC_CD\Green Day - Holy Toledo! (from the Original Motion Picture “Mark, Mary & Some Other People”)\1. Green Day - Holy Toledo! (from the Original Motion Picture “Mark, Mary & Some Other People”).flac
21:39:31 - ⚠️ SKIPPED (already exists): D:\Musica\FLAC_CD\Green Day - Pollyanna\1. Green Day - Pollyanna.flac
21:39:31 - ⚠️ SKIPPED (already exists): D:\Musica\FLAC_CD\Green Day - ¡DOS!\01. Green Day - See You Tonight.flac
21:39:31 - ⚠️ SKIPPED (already exists): D:\Musica\FLAC_CD\Green Day - ¡DOS!\02. Green Day - Fuck Time.flac
21:39:31 - ⚠️ SKIPPED (already exists): D:\Musica\FLAC_CD\Green Day - ¡DOS!\03. Green Day - Stop When the Red Lights Flash.flac
21:39:31 - ⚠️ SKIPPED (already exists): D:\Musica\FLAC_CD\Green Day - ¡DOS!\04. Green Day - Lazy Bones.flac
21:39:31 - ⚠️ SKIPPED (already exists): D:\Musica\FLAC_CD\Green Day - ¡DOS!\05. Green Day - Wild One.flac
21:39:31 - ⚠️ SKIPPED (already exists): D:\Musica\FLAC_CD\Green Day - ¡DOS!\06. Green Day - Makeout Party.flac
21:39:31 - ⚠️ SKIPPED (already exists): D:\Musica\FLAC_CD\Green Day - ¡DOS!\07. Green Day - Stray Heart.flac
21:39:31 - ⚠️ SKIPPED (already exists): D:\Musica\FLAC_CD\Green Day - ¡DOS!\08. Green Day - Ashley.flac
21:39:31 - ⚠️ SKIPPED (already exists): D:\Musica\FLAC_CD\Green Day - ¡DOS!\09. Green Day - Baby Eyes.flac
21:39:31 - ⚠️ SKIPPED (already exists): D:\Musica\FLAC_CD\Green Day - ¡DOS!\10. Green Day - Lady Cobra.flac
21:39:31 - ⚠️ SKIPPED (already exists): D:\Musica\FLAC_CD\Green Day - ¡DOS!\11. Green Day - Nightlife.flac
21:39:31 - ⚠️ SKIPPED (already exists): D:\Musica\FLAC_CD\Green Day - ¡DOS!\12. Green Day - Wow! That's Loud.flac
21:39:31 - ⚠️ SKIPPED (already exists): D:\Musica\FLAC_CD\Green Day - ¡DOS!\13. Green Day - Amy.flac
21:39:31 - ⚠️ SKIPPED (already exists): D:\Musica\FLAC_CD\Led Zeppelin - Led Zeppelin II (Remaster)\1. Led Zeppelin - Whole Lotta Love (Remaster).flac
21:39:31 - ⚠️ SKIPPED (already exists): D:\Musica\FLAC_CD\Led Zeppelin - Led Zeppelin II (Remaster)\2. Led Zeppelin - What Is and What Should Never Be (Remaster).flac
21:39:31 - ⚠️ SKIPPED (already exists): D:\Musica\FLAC_CD\Led Zeppelin - Led Zeppelin II (Remaster)\3. Led Zeppelin - The Lemon Song (Remaster).flac
21:39:31 - ⚠️ SKIPPED (already exists): D:\Musica\FLAC_CD\Led Zeppelin - Led Zeppelin II (Remaster)\4. Led Zeppelin - Thank You (Remaster).flac
21:39:31 - ⚠️ SKIPPED (already exists): D:\Musica\FLAC_CD\Led Zeppelin - Led Zeppelin II (Remaster)\5. Led Zeppelin - Heartbreaker (Remaster).flac
21:39:31 - ⚠️ SKIPPED (already exists): D:\Musica\FLAC_CD\Led Zeppelin - Led Zeppelin II (Remaster)\6. Led Zeppelin - Living Loving Maid (She's Just a Woman) [Remaster].flac
21:39:31 - ⚠️ SKIPPED (already exists): D:\Musica\FLAC_CD\Led Zeppelin - Led Zeppelin II (Remaster)\7. Led Zeppelin - Ramble On (Remaster).flac
21:39:31 - ⚠️ SKIPPED (already exists): D:\Musica\FLAC_CD\Led Zeppelin - Led Zeppelin II (Remaster)\8. Led Zeppelin - Moby Dick (Remaster).flac
21:39:31 - ⚠️ SKIPPED (already exists): D:\Musica\FLAC_CD\Led Zeppelin - Led Zeppelin II (Remaster)\9. Led Zeppelin - Bring It on Home (Remaster).flac
21:39:32 - ✅ CONVERTED: D:\Musica\FLAC_CD\Led Zeppelin - Led Zeppelin III (Remaster)\Led Zeppelin - Led Zeppelin III (Remaster) - 01-01 Immigrant Song (Remaster).flac
21:39:32 - ✅ CONVERTED: D:\Musica\FLAC_CD\Led Zeppelin - Led Zeppelin III (Remaster)\Led Zeppelin - Led Zeppelin III (Remaster) - 01-02 Friends (Remaster).flac
21:39:33 - ✅ CONVERTED: D:\Musica\FLAC_CD\Led Zeppelin - Led Zeppelin III (Remaster)\Led Zeppelin - Led Zeppelin III (Remaster) - 01-03 Celebration Day (Remaster).flac
21:39:34 - ✅ CONVERTED: D:\Musica\FLAC_CD\Led Zeppelin - Led Zeppelin III (Remaster)\Led Zeppelin - Led Zeppelin III (Remaster) - 01-04 Since I've Been Loving You (Remaster).flac
21:39:35 - ✅ CONVERTED: D:\Musica\FLAC_CD\Led Zeppelin - Led Zeppelin III (Remaster)\Led Zeppelin - Led Zeppelin III (Remaster) - 01-05 Out on the Tiles (Remaster).flac
21:39:35 - ✅ CONVERTED: D:\Musica\FLAC_CD\Led Zeppelin - Led Zeppelin III (Remaster)\Led Zeppelin - Led Zeppelin III (Remaster) - 01-06 Gallows Pole (Remaster).flac
21:39:36 - ✅ CONVERTED: D:\Musica\FLAC_CD\Led Zeppelin - Led Zeppelin III (Remaster)\Led Zeppelin - Led Zeppelin III (Remaster) - 01-07 Tangerine (Remaster).flac
21:39:36 - ✅ CONVERTED: D:\Musica\FLAC_CD\Led Zeppelin - Led Zeppelin III (Remaster)\Led Zeppelin - Led Zeppelin III (Remaster) - 01-08 That's the Way (Remaster).flac
21:39:37 - ✅ CONVERTED: D:\Musica\FLAC_CD\Led Zeppelin - Led Zeppelin III (Remaster)\Led Zeppelin - Led Zeppelin III (Remaster) - 01-09 Bron-Y-Aur Stomp (Remaster).flac
21:39:38 - ✅ CONVERTED: D:\Musica\FLAC_CD\Led Zeppelin - Led Zeppelin III (Remaster)\Led Zeppelin - Led Zeppelin III (Remaster) - 01-10 Hats off To (Roy) Harper [Remaster].flac
21:39:38 - ⚠️ SKIPPED (already exists): D:\Musica\FLAC_CD\Muse - Absolution\01. Muse - Intro.flac
21:39:38 - ⚠️ SKIPPED (already exists): D:\Musica\FLAC_CD\Muse - Absolution\02. Muse - Apocalypse Please.flac
21:39:38 - ⚠️ SKIPPED (already exists): D:\Musica\FLAC_CD\Muse - Absolution\03. Muse - Time is Running Out.flac
21:39:38 - ⚠️ SKIPPED (already exists): D:\Musica\FLAC_CD\Muse - Absolution\04. Muse - Sing for Absolution.flac
21:39:38 - ⚠️ SKIPPED (already exists): D:\Musica\FLAC_CD\Muse - Absolution\05. Muse - Stockholm Syndrome.flac
21:39:38 - ⚠️ SKIPPED (already exists): D:\Musica\FLAC_CD\Muse - Absolution\06. Muse - Falling Away with You.flac
21:39:38 - ⚠️ SKIPPED (already exists): D:\Musica\FLAC_CD\Muse - Absolution\07. Muse - Interlude.flac
21:39:38 - ⚠️ SKIPPED (already exists): D:\Musica\FLAC_CD\Muse - Absolution\08. Muse - Hysteria.flac
21:39:38 - ⚠️ SKIPPED (already exists): D:\Musica\FLAC_CD\Muse - Absolution\09. Muse - Blackout.flac
21:39:38 - ⚠️ SKIPPED (already exists): D:\Musica\FLAC_CD\Muse - Absolution\10. Muse - Butterflies & Hurricanes.flac
21:39:38 - ⚠️ SKIPPED (already exists): D:\Musica\FLAC_CD\Muse - Absolution\11. Muse - The Small Print.flac
21:39:38 - ⚠️ SKIPPED (already exists): D:\Musica\FLAC_CD\Muse - Absolution\12. Muse - Fury.flac
21:39:38 - ⚠️ SKIPPED (already exists): D:\Musica\FLAC_CD\Muse - Absolution\13. Muse - Endlessly.flac
21:39:38 - ⚠️ SKIPPED (already exists): D:\Musica\FLAC_CD\Muse - Absolution\14. Muse - Thoughts of a Dying Atheist.flac
21:39:38 - ⚠️ SKIPPED (already exists): D:\Musica\FLAC_CD\Muse - Absolution\15. Muse - Ruled by Secrecy.flac
21:39:38 - ✅ CONVERTED: D:\Musica\FLAC_CD\Nirvana - Nevermind\Nirvana - Nevermind - 01-01 Smells Like Teen Spirit.flac
21:39:39 - ✅ CONVERTED: D:\Musica\FLAC_CD\Nirvana - Nevermind\Nirvana - Nevermind - 01-02 In Bloom.flac
21:39:39 - ✅ CONVERTED: D:\Musica\FLAC_CD\Nirvana - Nevermind\Nirvana - Nevermind - 01-03 Come As You Are.flac
21:39:40 - ✅ CONVERTED: D:\Musica\FLAC_CD\Nirvana - Nevermind\Nirvana - Nevermind - 01-04 Breed.flac
21:39:40 - ✅ CONVERTED: D:\Musica\FLAC_CD\Nirvana - Nevermind\Nirvana - Nevermind - 01-05 Lithium.flac
21:39:41 - ✅ CONVERTED: D:\Musica\FLAC_CD\Nirvana - Nevermind\Nirvana - Nevermind - 01-06 Polly.flac
21:39:41 - ✅ CONVERTED: D:\Musica\FLAC_CD\Nirvana - Nevermind\Nirvana - Nevermind - 01-07 Territorial Pissings.flac
21:39:41 - ✅ CONVERTED: D:\Musica\FLAC_CD\Nirvana - Nevermind\Nirvana - Nevermind - 01-08 Drain You.flac
21:39:42 - ✅ CONVERTED: D:\Musica\FLAC_CD\Nirvana - Nevermind\Nirvana - Nevermind - 01-09 Lounge Act.flac
21:39:42 - ✅ CONVERTED: D:\Musica\FLAC_CD\Nirvana - Nevermind\Nirvana - Nevermind - 01-10 Stay Away.flac
21:39:43 - ✅ CONVERTED: D:\Musica\FLAC_CD\Nirvana - Nevermind\Nirvana - Nevermind - 01-11 On A Plain.flac
21:39:43 - ✅ CONVERTED: D:\Musica\FLAC_CD\Nirvana - Nevermind\Nirvana - Nevermind - 01-12 Something In The Way.flac
21:39:44 - ✅ CONVERTED: D:\Musica\FLAC_CD\Nirvana - Nevermind\Nirvana - Nevermind - 01-13 Endless, Nameless.flac
21:39:45 - ✅ CONVERTED: D:\Musica\FLAC_CD\R.E.M. - Out Of Time\R.E.M. - Out Of Time - 01-01 Radio Song.flac
21:39:45 - ✅ CONVERTED: D:\Musica\FLAC_CD\R.E.M. - Out Of Time\R.E.M. - Out Of Time - 01-02 Losing My Religion.flac
21:39:46 - ✅ CONVERTED: D:\Musica\FLAC_CD\R.E.M. - Out Of Time\R.E.M. - Out Of Time - 01-03 Low.flac
21:39:46 - ✅ CONVERTED: D:\Musica\FLAC_CD\R.E.M. - Out Of Time\R.E.M. - Out Of Time - 01-04 Near Wild Heaven.flac
21:39:47 - ✅ CONVERTED: D:\Musica\FLAC_CD\R.E.M. - Out Of Time\R.E.M. - Out Of Time - 01-05 Endgame.flac
21:39:47 - ✅ CONVERTED: D:\Musica\FLAC_CD\R.E.M. - Out Of Time\R.E.M. - Out Of Time - 01-06 Shiny Happy People.flac
21:39:48 - ✅ CONVERTED: D:\Musica\FLAC_CD\R.E.M. - Out Of Time\R.E.M. - Out Of Time - 01-07 Belong.flac
21:39:48 - ✅ CONVERTED: D:\Musica\FLAC_CD\R.E.M. - Out Of Time\R.E.M. - Out Of Time - 01-08 Half A World Away.flac
21:39:49 - ✅ CONVERTED: D:\Musica\FLAC_CD\R.E.M. - Out Of Time\R.E.M. - Out Of Time - 01-09 Texarkana.flac
21:39:49 - ✅ CONVERTED: D:\Musica\FLAC_CD\R.E.M. - Out Of Time\R.E.M. - Out Of Time - 01-10 Country Feedback.flac
21:39:50 - ✅ CONVERTED: D:\Musica\FLAC_CD\R.E.M. - Out Of Time\R.E.M. - Out Of Time - 01-11 Me In Honey.flac
21:39:50 - ✅ CONVERTED: D:\Musica\FLAC_CD\Toby Fox - DELTARUNE Chapter 2\Toby Fox - DELTARUNE Chapter 2 (Original Game Soundtrack) - 01-01 Faint Glow.flac
21:39:50 - ✅ CONVERTED: D:\Musica\FLAC_CD\Toby Fox - DELTARUNE Chapter 2\Toby Fox - DELTARUNE Chapter 2 (Original Game Soundtrack) - 01-02 Girl Next Door.flac
21:39:50 - ✅ CONVERTED: D:\Musica\FLAC_CD\Toby Fox - DELTARUNE Chapter 2\Toby Fox - DELTARUNE Chapter 2 (Original Game Soundtrack) - 01-03 My Castle Town.flac
21:39:51 - ✅ CONVERTED: D:\Musica\FLAC_CD\Toby Fox - DELTARUNE Chapter 2\Toby Fox - DELTARUNE Chapter 2 (Original Game Soundtrack) - 01-04 Ohhhhohohoho!.flac
21:39:51 - ✅ CONVERTED: D:\Musica\FLAC_CD\Toby Fox - DELTARUNE Chapter 2\Toby Fox - DELTARUNE Chapter 2 (Original Game Soundtrack) - 01-05 Queen.flac
21:39:51 - ✅ CONVERTED: D:\Musica\FLAC_CD\Toby Fox - DELTARUNE Chapter 2\Toby Fox - DELTARUNE Chapter 2 (Original Game Soundtrack) - 01-06 A CYBER'S WORLD_.flac
21:39:51 - ✅ CONVERTED: D:\Musica\FLAC_CD\Toby Fox - DELTARUNE Chapter 2\Toby Fox - DELTARUNE Chapter 2 (Original Game Soundtrack) - 01-07 A Simple Diversion.flac
21:39:51 - ✅ CONVERTED: D:\Musica\FLAC_CD\Toby Fox - DELTARUNE Chapter 2\Toby Fox - DELTARUNE Chapter 2 (Original Game Soundtrack) - 01-08 Almost to the Guys!.flac
21:39:51 - ✅ CONVERTED: D:\Musica\FLAC_CD\Toby Fox - DELTARUNE Chapter 2\Toby Fox - DELTARUNE Chapter 2 (Original Game Soundtrack) - 01-09 Cool Beat.flac
21:39:51 - ✅ CONVERTED: D:\Musica\FLAC_CD\Toby Fox - DELTARUNE Chapter 2\Toby Fox - DELTARUNE Chapter 2 (Original Game Soundtrack) - 01-10 When I Get Mad I Dance Like This.flac
21:39:52 - ✅ CONVERTED: D:\Musica\FLAC_CD\Toby Fox - DELTARUNE Chapter 2\Toby Fox - DELTARUNE Chapter 2 (Original Game Soundtrack) - 01-11 Cyber Battle (Solo).flac
21:39:52 - ✅ CONVERTED: D:\Musica\FLAC_CD\Toby Fox - DELTARUNE Chapter 2\Toby Fox - DELTARUNE Chapter 2 (Original Game Soundtrack) - 01-12 When I Get Happy I Dance Like This.flac
21:39:52 - ✅ CONVERTED: D:\Musica\FLAC_CD\Toby Fox - DELTARUNE Chapter 2\Toby Fox - DELTARUNE Chapter 2 (Original Game Soundtrack) - 01-13 Sound Studio.flac
21:39:52 - ✅ CONVERTED: D:\Musica\FLAC_CD\Toby Fox - DELTARUNE Chapter 2\Toby Fox - DELTARUNE Chapter 2 (Original Game Soundtrack) - 01-14 Berdly.flac
21:39:52 - ✅ CONVERTED: D:\Musica\FLAC_CD\Toby Fox - DELTARUNE Chapter 2\Toby Fox - DELTARUNE Chapter 2 (Original Game Soundtrack) - 01-15 Smart Race.flac
21:39:52 - ✅ CONVERTED: D:\Musica\FLAC_CD\Toby Fox - DELTARUNE Chapter 2\Toby Fox - DELTARUNE Chapter 2 (Original Game Soundtrack) - 01-16 Faint Courage (Game Over).flac
21:39:53 - ✅ CONVERTED: D:\Musica\FLAC_CD\Toby Fox - DELTARUNE Chapter 2\Toby Fox - DELTARUNE Chapter 2 (Original Game Soundtrack) - 01-17 WELCOME TO THE CITY.flac
21:39:53 - ✅ CONVERTED: D:\Musica\FLAC_CD\Toby Fox - DELTARUNE Chapter 2\Toby Fox - DELTARUNE Chapter 2 (Original Game Soundtrack) - 01-18 Mini Studio.flac
21:39:53 - ✅ CONVERTED: D:\Musica\FLAC_CD\Toby Fox - DELTARUNE Chapter 2\Toby Fox - DELTARUNE Chapter 2 (Original Game Soundtrack) - 01-19 Holiday Studio.flac
21:39:53 - ✅ CONVERTED: D:\Musica\FLAC_CD\Toby Fox - DELTARUNE Chapter 2\Toby Fox - DELTARUNE Chapter 2 (Original Game Soundtrack) - 01-20 Cool Mixtape.flac
21:39:53 - ✅ CONVERTED: D:\Musica\FLAC_CD\Toby Fox - DELTARUNE Chapter 2\Toby Fox - DELTARUNE Chapter 2 (Original Game Soundtrack) - 01-21 HEY EVERY !.flac
21:39:53 - ✅ CONVERTED: D:\Musica\FLAC_CD\Toby Fox - DELTARUNE Chapter 2\Toby Fox - DELTARUNE Chapter 2 (Original Game Soundtrack) - 01-22 Spamton.flac
21:39:54 - ✅ CONVERTED: D:\Musica\FLAC_CD\Toby Fox - DELTARUNE Chapter 2\Toby Fox - DELTARUNE Chapter 2 (Original Game Soundtrack) - 01-23 NOW'S YOUR CHANCE TO BE A.flac
21:39:54 - ✅ CONVERTED: D:\Musica\FLAC_CD\Toby Fox - DELTARUNE Chapter 2\Toby Fox - DELTARUNE Chapter 2 (Original Game Soundtrack) - 01-24 Elegant Entrance.flac
21:39:54 - ✅ CONVERTED: D:\Musica\FLAC_CD\Toby Fox - DELTARUNE Chapter 2\Toby Fox - DELTARUNE Chapter 2 (Original Game Soundtrack) - 01-25 Bluebird of Misfortune.flac
21:39:54 - ✅ CONVERTED: D:\Musica\FLAC_CD\Toby Fox - DELTARUNE Chapter 2\Toby Fox - DELTARUNE Chapter 2 (Original Game Soundtrack) - 01-26 Pandora Palace.flac
21:39:54 - ✅ CONVERTED: D:\Musica\FLAC_CD\Toby Fox - DELTARUNE Chapter 2\Toby Fox - DELTARUNE Chapter 2 (Original Game Soundtrack) - 01-27 KEYGEN.flac
21:39:54 - ✅ CONVERTED: D:\Musica\FLAC_CD\Toby Fox - DELTARUNE Chapter 2\Toby Fox - DELTARUNE Chapter 2 (Original Game Soundtrack) - 01-28 Acid Tunnel of Love.flac
21:39:55 - ✅ CONVERTED: D:\Musica\FLAC_CD\Toby Fox - DELTARUNE Chapter 2\Toby Fox - DELTARUNE Chapter 2 (Original Game Soundtrack) - 01-29 It's Pronounced _Rules_.flac
21:39:55 - ✅ CONVERTED: D:\Musica\FLAC_CD\Toby Fox - DELTARUNE Chapter 2\Toby Fox - DELTARUNE Chapter 2 (Original Game Soundtrack) - 01-30 Lost Girl.flac
21:39:55 - ✅ CONVERTED: D:\Musica\FLAC_CD\Toby Fox - DELTARUNE Chapter 2\Toby Fox - DELTARUNE Chapter 2 (Original Game Soundtrack) - 01-31 Ferris Wheel.flac
21:39:55 - ✅ CONVERTED: D:\Musica\FLAC_CD\Toby Fox - DELTARUNE Chapter 2\Toby Fox - DELTARUNE Chapter 2 (Original Game Soundtrack) - 01-32 Attack of the Killer Queen.flac
21:39:55 - ✅ CONVERTED: D:\Musica\FLAC_CD\Toby Fox - DELTARUNE Chapter 2\Toby Fox - DELTARUNE Chapter 2 (Original Game Soundtrack) - 01-33 Giga Size.flac
21:39:56 - ✅ CONVERTED: D:\Musica\FLAC_CD\Toby Fox - DELTARUNE Chapter 2\Toby Fox - DELTARUNE Chapter 2 (Original Game Soundtrack) - 01-34 Powers Combined.flac
21:39:56 - ✅ CONVERTED: D:\Musica\FLAC_CD\Toby Fox - DELTARUNE Chapter 2\Toby Fox - DELTARUNE Chapter 2 (Original Game Soundtrack) - 01-35 Knock You Down !!.flac
21:39:56 - ✅ CONVERTED: D:\Musica\FLAC_CD\Toby Fox - DELTARUNE Chapter 2\Toby Fox - DELTARUNE Chapter 2 (Original Game Soundtrack) - 01-36 The Dark Truth.flac
21:39:56 - ✅ CONVERTED: D:\Musica\FLAC_CD\Toby Fox - DELTARUNE Chapter 2\Toby Fox - DELTARUNE Chapter 2 (Original Game Soundtrack) - 01-37 Digital Roots.flac
21:39:56 - ✅ CONVERTED: D:\Musica\FLAC_CD\Toby Fox - DELTARUNE Chapter 2\Toby Fox - DELTARUNE Chapter 2 (Original Game Soundtrack) - 01-38 Deal Gone Wrong.flac
21:39:57 - ✅ CONVERTED: D:\Musica\FLAC_CD\Toby Fox - DELTARUNE Chapter 2\Toby Fox - DELTARUNE Chapter 2 (Original Game Soundtrack) - 01-39 BIG SHOT.flac
21:39:57 - ✅ CONVERTED: D:\Musica\FLAC_CD\Toby Fox - DELTARUNE Chapter 2\Toby Fox - DELTARUNE Chapter 2 (Original Game Soundtrack) - 01-40 A Real Boy!.flac
21:39:57 - ✅ CONVERTED: D:\Musica\FLAC_CD\Toby Fox - DELTARUNE Chapter 2\Toby Fox - DELTARUNE Chapter 2 (Original Game Soundtrack) - 01-41 Dialtone.flac
21:39:57 - ✅ CONVERTED: D:\Musica\FLAC_CD\Toby Fox - DELTARUNE Chapter 2\Toby Fox - DELTARUNE Chapter 2 (Original Game Soundtrack) - 01-42 sans..flac
21:39:57 - ✅ CONVERTED: D:\Musica\FLAC_CD\Toby Fox - DELTARUNE Chapter 2\Toby Fox - DELTARUNE Chapter 2 (Original Game Soundtrack) - 01-43 Chill Jailbreak Alarm to Study and Relax to.flac
21:39:57 - ✅ CONVERTED: D:\Musica\FLAC_CD\Toby Fox - DELTARUNE Chapter 2\Toby Fox - DELTARUNE Chapter 2 (Original Game Soundtrack) - 01-44 You Can Always Come Home.flac
21:39:57 - ✅ CONVERTED: D:\Musica\FLAC_CD\Toby Fox - DELTARUNE Chapter 2\Toby Fox - DELTARUNE Chapter 2 (Original Game Soundtrack) - 01-45 Until Next Time.flac
21:39:58 - ✅ CONVERTED: D:\Musica\FLAC_CD\Toby Fox - DELTARUNE Chapter 2\Toby Fox - DELTARUNE Chapter 2 (Original Game Soundtrack) - 01-46 Before the Story.flac
21:39:58 - ✅ CONVERTED: D:\Musica\FLAC_CD\Toby Fox - DELTARUNE Chapter 2\Toby Fox - DELTARUNE Chapter 2 (Original Game Soundtrack) - 01-47 Berdly (Rejected Concept).flac
